1,1
2,1
3,1
4,1
5,1
6,1
7,1
8,1
9,1
10,1
11,1
12,1
13,1
14,1
15,1
16,3
17,2
18,2
1 17 -0.235055
2 17 0.31245
3 17 -0.358622
4 17 0.552962
5 17 -0.777881
6 17 0.959671
7 17 -0.721551
8 17 0.746324
9 17 -0.295374
10 17 0.639519
11 17 -0.497898
12 17 0.805337
13 17 -0.218001
14 17 0.0106296
15 17 -0.0215451
16 17 0.431183
1 18 0.47337
2 18 0.652894
3 18 -0.189858
4 18 0.434145
5 18 0.76941
6 18 -0.966176
7 18 -0.648838
8 18 -0.145473
9 18 0.546734
10 18 0.426496
11 18 -0.306381
12 18 0.981893
13 18 -0.930716
14 18 0.941845
15 18 0.753051
16 18 -0.208862
Starting Main
Creating resource group General
Creating resource group Internal
Creating resource group Autodetect
SceneManagerFactory for type 'DefaultSceneManager' registered.
Registering ResourceManager for type Material
Registering ResourceManager for type Mesh
Registering ResourceManager for type Skeleton
MovableObjectFactory for type 'ParticleSystem' registered.
ArchiveFactory for archive type FileSystem registered.
ArchiveFactory for archive type Zip registered.
ArchiveFactory for archive type EmbeddedZip registered.
DDS codec registering
FreeImage version: 3.17.0
This program uses FreeImage, a free, open source image library supporting all common bitmap formats. See http://freeimage.sourceforge.net for details
Supported formats: bmp,ico,jpg,jif,jpeg,jpe,jng,koa,iff,lbm,mng,pbm,pbm,pcd,pcx,pgm,pgm,png,ppm,ppm,ras,tga,targa,tif,tiff,wap,wbmp,wbm,psd,cut,xbm,xpm,gif,hdr,sgi,rgb,rgba,bw,exr,j2k,j2c,jp2,pfm,pct,pict,pic,3fr,arw,bay,bmq,cap,cine,cr2,crw,cs1,dc2,dcr,drf,dsc,dng,erf,fff,ia,iiq,k25,kc2,kdc,mdc,mef,mos,mrw,nef,nrw,orf,pef,ptx,pxn,qtk,raf,raw,rdc,rw2,rwl,rwz,sr2,srf,srw,sti,x3f,webp,jxr,wdp,hdp
Registering ResourceManager for type HighLevelGpuProgram
Registering ResourceManager for type Compositor
MovableObjectFactory for type 'Entity' registered.
MovableObjectFactory for type 'Light' registered.
MovableObjectFactory for type 'BillboardSet' registered.
MovableObjectFactory for type 'ManualObject' registered.
MovableObjectFactory for type 'BillboardChain' registered.
MovableObjectFactory for type 'RibbonTrail' registered.
Loading library /usr/local/lib/OGRE/RenderSystem_GL
Installing plugin: GL RenderSystem
OpenGL Rendering Subsystem created.
Plugin successfully installed
Loading library /usr/local/lib/OGRE/Plugin_ParticleFX
Installing plugin: ParticleFX
Particle Emitter Type 'Point' registered
Particle Emitter Type 'Box' registered
Particle Emitter Type 'Ellipsoid' registered
Particle Emitter Type 'Cylinder' registered
Particle Emitter Type 'Ring' registered
Particle Emitter Type 'HollowEllipsoid' registered
Particle Affector Type 'LinearForce' registered
Particle Affector Type 'ColourFader' registered
Particle Affector Type 'ColourFader2' registered
Particle Affector Type 'ColourImage' registered
Particle Affector Type 'ColourInterpolator' registered
Particle Affector Type 'Scaler' registered
Particle Affector Type 'Rotator' registered
Particle Affector Type 'DirectionRandomiser' registered
Particle Affector Type 'DeflectorPlane' registered
Plugin successfully installed
Loading library /usr/local/lib/OGRE/Plugin_BSPSceneManager
Installing plugin: BSP Scene Manager
Plugin successfully installed
Loading library /usr/local/lib/OGRE/Plugin_CgProgramManager
Installing plugin: Cg Program Manager
Plugin successfully installed
Loading library /usr/local/lib/OGRE/Plugin_PCZSceneManager
Installing plugin: Portal Connected Zone Scene Manager
PCZone Factory Type 'ZoneType_Default' registered
Plugin successfully installed
Loading library /usr/local/lib/OGRE/Plugin_OctreeZone
Installing plugin: Octree Zone Factory
Plugin successfully installed
Loading library /usr/local/lib/OGRE/Plugin_OctreeSceneManager
Installing plugin: Octree Scene Manager
Plugin successfully installed
*-*-* OGRE Initialising
*-*-* Version 1.9.0 (Ghadamon)
Creating resource group Essential
Added resource location '../Media/thumbnails' of type 'FileSystem' to resource group 'Essential'
Added resource location 'data/material/programs' of type 'FileSystem' to resource group 'Essential'
Added resource location 'data/material/scripts' of type 'FileSystem' to resource group 'Essential'
Added resource location 'data/material/textures' of type 'FileSystem' to resource group 'Essential'
Added resource location 'data/meshes' of type 'FileSystem' to resource group 'Essential'
Added resource location 'data/watercraft/material/maps' of type 'FileSystem' to resource group 'Essential'
Added resource location 'data/watercraft/material/scripts' of type 'FileSystem' to resource group 'Essential'
Added resource location 'data/watercraft/material/textures' of type 'FileSystem' to resource group 'Essential'
Added resource location 'data/watercraft/meshes' of type 'FileSystem' to resource group 'Essential'
Added resource location 'data/watercraft/terrain' of type 'FileSystem' to resource group 'Essential'
Added resource location '../Media/packs/SdkTrays.zip' of type 'Zip' to resource group 'Essential'
Added resource location '../Media' of type 'FileSystem' to resource group 'General'
Creating resource group Popular
Added resource location '../Media/fonts' of type 'FileSystem' to resource group 'Popular'
Added resource location '../Media/materials/programs' of type 'FileSystem' to resource group 'Popular'
Added resource location '../Media/materials/programs/GLSL' of type 'FileSystem' to resource group 'Popular'
Added resource location '../Media/materials/scripts' of type 'FileSystem' to resource group 'Popular'
Added resource location '../Media/materials/textures' of type 'FileSystem' to resource group 'Popular'
Added resource location '../Media/materials/textures/nvidia' of type 'FileSystem' to resource group 'Popular'
Added resource location '../Media/models' of type 'FileSystem' to resource group 'Popular'
Added resource location '../Media/particle' of type 'FileSystem' to resource group 'Popular'
Added resource location '../Media/DeferredShadingMedia' of type 'FileSystem' to resource group 'Popular'
Added resource location '../Media/PCZAppMedia' of type 'FileSystem' to resource group 'Popular'
Added resource location '../Media/RTShaderLib' of type 'FileSystem' to resource group 'Popular'
Added resource location '../Media/RTShaderLib/materials' of type 'FileSystem' to resource group 'Popular'
Added resource location '../Media/RTShaderLib/materials/programs/GLSL' of type 'FileSystem' to resource group 'Popular'
Added resource location '../Media/RTShaderLib/GLSL' of type 'FileSystem' to resource group 'Popular'
Added resource location '../Media/packs/cubemap.zip' of type 'Zip' to resource group 'Popular'
Added resource location '../Media/packs/cubemapsJS.zip' of type 'Zip' to resource group 'Popular'
Added resource location '../Media/packs/dragon.zip' of type 'Zip' to resource group 'Popular'
Added resource location '../Media/packs/fresneldemo.zip' of type 'Zip' to resource group 'Popular'
Added resource location '../Media/packs/ogretestmap.zip' of type 'Zip' to resource group 'Popular'
Added resource location '../Media/packs/ogredance.zip' of type 'Zip' to resource group 'Popular'
Added resource location '../Media/packs/Sinbad.zip' of type 'Zip' to resource group 'Popular'
Added resource location '../Media/packs/skybox.zip' of type 'Zip' to resource group 'Popular'
CPU Identifier & Features
-------------------------
 *   CPU ID: GenuineIntel: Intel(R) Core(TM) i7-3610QM CPU @ 2.30GHz
 *      SSE: yes
 *     SSE2: yes
 *     SSE3: yes
 *      MMX: yes
 *   MMXEXT: yes
 *    3DNOW: no
 * 3DNOWEXT: no
 *     CMOV: yes
 *      TSC: yes
 *      FPU: yes
 *      PRO: yes
 *       HT: no
-------------------------
******************************
*** Starting GLX Subsystem ***
******************************
Registering ResourceManager for type Texture
GLRenderSystem::_createRenderWindow "FastEcslent::GraphicsInteractionManager's Render Window", 1440x900 windowed  miscParams: FSAA=0 displayFrequency=65 Hz gamma=No vsync=No 
GLXWindow::create used FBConfigID = 319
GL_VERSION = 3.0 Mesa 12.0.6
GL_VENDOR = nouveau
GL_RENDERER = Gallium 0.4 on NVCE
GL_EXTENSIONS = GL_ARB_multisample GL_EXT_abgr GL_EXT_bgra GL_EXT_blend_color GL_EXT_blend_minmax GL_EXT_blend_subtract GL_EXT_copy_texture GL_EXT_polygon_offset GL_EXT_subtexture GL_EXT_texture_object GL_EXT_vertex_array GL_EXT_compiled_vertex_array GL_EXT_texture GL_EXT_texture3D GL_IBM_rasterpos_clip GL_ARB_point_parameters GL_EXT_draw_range_elements GL_EXT_packed_pixels GL_EXT_point_parameters GL_EXT_rescale_normal GL_EXT_separate_specular_color GL_EXT_texture_edge_clamp GL_SGIS_generate_mipmap GL_SGIS_texture_border_clamp GL_SGIS_texture_edge_clamp GL_SGIS_texture_lod GL_ARB_framebuffer_sRGB GL_ARB_multitexture GL_EXT_framebuffer_sRGB GL_IBM_multimode_draw_arrays GL_IBM_texture_mirrored_repeat GL_ARB_texture_cube_map GL_ARB_texture_env_add GL_ARB_transpose_matrix GL_EXT_blend_func_separate GL_EXT_fog_coord GL_EXT_multi_draw_arrays GL_EXT_secondary_color GL_EXT_texture_env_add GL_EXT_texture_filter_anisotropic GL_EXT_texture_lod_bias GL_INGR_blend_func_separate GL_NV_blend_square GL_NV_light_max_exponent GL_NV_texgen_reflection GL_NV_texture_env_combine4 GL_S3_s3tc GL_SUN_multi_draw_arrays GL_ARB_texture_border_clamp GL_ARB_texture_compression GL_EXT_framebuffer_object GL_EXT_texture_compression_s3tc GL_EXT_texture_env_combine GL_EXT_texture_env_dot3 GL_MESA_window_pos GL_NV_packed_depth_stencil GL_NV_texture_rectangle GL_ARB_depth_texture GL_ARB_occlusion_query GL_ARB_shadow GL_ARB_texture_env_combine GL_ARB_texture_env_crossbar GL_ARB_texture_env_dot3 GL_ARB_texture_mirrored_repeat GL_ARB_window_pos GL_ATI_fragment_shader GL_EXT_stencil_two_side GL_EXT_texture_cube_map GL_NV_depth_clamp GL_NV_fog_distance GL_APPLE_packed_pixels GL_APPLE_vertex_array_object GL_ARB_draw_buffers GL_ARB_fragment_program GL_ARB_fragment_shader GL_ARB_shader_objects GL_ARB_vertex_program GL_ARB_vertex_shader GL_ATI_draw_buffers GL_ATI_texture_env_combine3 GL_ATI_texture_float GL_EXT_depth_bounds_test GL_EXT_shadow_funcs GL_EXT_stencil_wrap GL_MESA_pack_invert GL_NV_primitive_restart GL_ARB_depth_clamp GL_ARB_fragment_program_shadow GL_ARB_half_float_pixel GL_ARB_occlusion_query2 GL_ARB_point_sprite GL_ARB_shading_language_100 GL_ARB_sync GL_ARB_texture_non_power_of_two GL_ARB_vertex_buffer_object GL_ATI_blend_equation_separate GL_EXT_blend_equation_separate GL_OES_read_format GL_ARB_color_buffer_float GL_ARB_pixel_buffer_object GL_ARB_texture_compression_rgtc GL_ARB_texture_float GL_ARB_texture_rectangle GL_ATI_texture_compression_3dc GL_EXT_packed_float GL_EXT_pixel_buffer_object GL_EXT_texture_compression_dxt1 GL_EXT_texture_compression_rgtc GL_EXT_texture_mirror_clamp GL_EXT_texture_rectangle GL_EXT_texture_sRGB GL_EXT_texture_shared_exponent GL_ARB_framebuffer_object GL_EXT_framebuffer_blit GL_EXT_framebuffer_multisample GL_EXT_packed_depth_stencil GL_ARB_vertex_array_object GL_ATI_separate_stencil GL_ATI_texture_mirror_once GL_EXT_draw_buffers2 GL_EXT_draw_instanced GL_EXT_gpu_program_parameters GL_EXT_texture_array GL_EXT_texture_compression_latc GL_EXT_texture_integer GL_EXT_texture_sRGB_decode GL_EXT_timer_query GL_OES_EGL_image GL_AMD_performance_monitor GL_ARB_copy_buffer GL_ARB_depth_buffer_float GL_ARB_draw_instanced GL_ARB_half_float_vertex GL_ARB_instanced_arrays GL_ARB_map_buffer_range GL_ARB_texture_rg GL_ARB_texture_swizzle GL_ARB_vertex_array_bgra GL_EXT_texture_swizzle GL_EXT_vertex_array_bgra GL_NV_conditional_render GL_AMD_conservative_depth GL_AMD_draw_buffers_blend GL_ARB_ES2_compatibility GL_ARB_blend_func_extended GL_ARB_debug_output GL_ARB_draw_buffers_blend GL_ARB_draw_elements_base_vertex GL_ARB_explicit_attrib_location GL_ARB_fragment_coord_conventions GL_ARB_provoking_vertex GL_ARB_sample_shading GL_ARB_sampler_objects GL_ARB_seamless_cube_map GL_ARB_shader_texture_lod GL_ARB_texture_cube_map_array GL_ARB_texture_gather GL_ARB_texture_multisample GL_ARB_texture_query_lod GL_ARB_texture_rgb10_a2ui GL_ARB_uniform_buffer_object GL_ARB_vertex_type_2_10_10_10_rev GL_EXT_provoking_vertex GL_EXT_texture_snorm GL_MESA_texture_signed_rgba GL_NV_texture_barrier GL_ARB_get_program_binary GL_ARB_robustness GL_ARB_separate_shader_objects GL_ARB_shader_bit_encoding GL_ARB_shader_precision GL_ARB_texture_compression_bptc GL_ARB_timer_query GL_ARB_transform_feedback2 GL_ARB_transform_feedback3 GL_NV_vdpau_interop GL_ANGLE_texture_compression_dxt3 GL_ANGLE_texture_compression_dxt5 GL_ARB_base_instance GL_ARB_compressed_texture_pixel_storage GL_ARB_conservative_depth GL_ARB_internalformat_query GL_ARB_map_buffer_alignment GL_ARB_shader_atomic_counters GL_ARB_shader_image_load_store GL_ARB_shading_language_420pack GL_ARB_shading_language_packing GL_ARB_texture_storage GL_ARB_transform_feedback_instanced GL_EXT_framebuffer_multisample_blit_scaled GL_EXT_transform_feedback GL_AMD_shader_trinary_minmax GL_ARB_ES3_compatibility GL_ARB_arrays_of_arrays GL_ARB_clear_buffer_object GL_ARB_compute_shader GL_ARB_copy_image GL_ARB_explicit_uniform_location GL_ARB_framebuffer_no_attachments GL_ARB_invalidate_subdata GL_ARB_program_interface_query GL_ARB_robust_buffer_access_behavior GL_ARB_shader_image_size GL_ARB_shader_storage_buffer_object GL_ARB_stencil_texturing GL_ARB_texture_query_levels GL_ARB_texture_storage_multisample GL_ARB_texture_view GL_ARB_vertex_attrib_binding GL_KHR_debug GL_ARB_buffer_storage GL_ARB_clear_texture GL_ARB_internalformat_query2 GL_ARB_multi_bind GL_ARB_query_buffer_object GL_ARB_shader_draw_parameters GL_ARB_texture_mirror_clamp_to_edge GL_ARB_texture_stencil8 GL_ARB_vertex_type_10f_11f_11f_rev GL_EXT_shader_integer_mix GL_ARB_clip_control GL_ARB_conditional_render_inverted GL_ARB_cull_distance GL_ARB_derivative_control GL_ARB_get_texture_sub_image GL_ARB_pipeline_statistics_query GL_ARB_shader_texture_image_samples GL_ARB_texture_barrier GL_EXT_polygon_offset_clamp GL_KHR_context_flush_control GL_KHR_robust_buffer_access_behavior GL_ARB_shader_atomic_counter_ops 
Supported GLX extensions: GLX_ARB_create_context GLX_ARB_create_context_profile GLX_ARB_fbconfig_float GLX_ARB_framebuffer_sRGB GLX_ARB_get_proc_address GLX_ARB_multisample GLX_EXT_import_context GLX_EXT_visual_info GLX_EXT_visual_rating GLX_EXT_fbconfig_packed_float GLX_EXT_framebuffer_sRGB GLX_EXT_create_context_es2_profile GLX_EXT_create_context_es_profile GLX_MESA_copy_sub_buffer GLX_MESA_multithread_makecurrent GLX_MESA_query_renderer GLX_MESA_swap_control GLX_OML_swap_method GLX_OML_sync_control GLX_SGI_make_current_read GLX_SGI_swap_control GLX_SGI_video_sync GLX_SGIS_multisample GLX_SGIX_fbconfig GLX_SGIX_pbuffer GLX_SGIX_visual_select_group GLX_EXT_texture_from_pixmap GLX_INTEL_swap_event 
***************************
*** GL Renderer Started ***
***************************
Registering ResourceManager for type GpuProgram
GLSL support detected
GL: Using GL_EXT_framebuffer_object for rendering to textures (best)
FBO PF_UNKNOWN depth/stencil support: D0S1 D0S4 D0S8 D0S16 D16S0 D24S0 D32S0 Packed-D24S8 
FBO PF_L8 depth/stencil support: D0S0 D0S1 D0S4 D0S8 D0S16 D16S0 D24S0 D32S0 Packed-D24S8 
FBO PF_L16 depth/stencil support: D0S0 D0S1 D0S4 D0S8 D0S16 D16S0 D24S0 D32S0 Packed-D24S8 
FBO PF_A8 depth/stencil support: D0S0 D0S1 D0S4 D0S8 D0S16 D16S0 D24S0 D32S0 Packed-D24S8 
FBO PF_R5G6B5 depth/stencil support: D0S0 D0S1 D0S4 D0S8 D0S16 D16S0 D24S0 D32S0 Packed-D24S8 
FBO PF_B5G6R5 depth/stencil support: D0S0 D0S1 D0S4 D0S8 D0S16 D16S0 D24S0 D32S0 Packed-D24S8 
FBO PF_A1R5G5B5 depth/stencil support: D0S0 D0S1 D0S4 D0S8 D0S16 D16S0 D24S0 D32S0 Packed-D24S8 
FBO PF_R8G8B8 depth/stencil support: D0S0 D0S1 D0S4 D0S8 D0S16 D16S0 D24S0 D32S0 Packed-D24S8 
FBO PF_B8G8R8 depth/stencil support: D0S0 D0S1 D0S4 D0S8 D0S16 D16S0 D24S0 D32S0 Packed-D24S8 
FBO PF_A8R8G8B8 depth/stencil support: D0S0 D0S1 D0S4 D0S8 D0S16 D16S0 D24S0 D32S0 Packed-D24S8 
FBO PF_B8G8R8A8 depth/stencil support: D0S0 D0S1 D0S4 D0S8 D0S16 D16S0 D24S0 D32S0 Packed-D24S8 
FBO PF_A2R10G10B10 depth/stencil support: D0S0 D0S1 D0S4 D0S8 D0S16 D16S0 D24S0 D32S0 Packed-D24S8 
FBO PF_A2B10G10R10 depth/stencil support: D0S0 D0S1 D0S4 D0S8 D0S16 D16S0 D24S0 D32S0 Packed-D24S8 
FBO PF_FLOAT16_RGB depth/stencil support: D0S0 D0S1 D0S4 D0S8 D0S16 D16S0 D24S0 D32S0 Packed-D24S8 
FBO PF_FLOAT16_RGBA depth/stencil support: D0S0 D0S1 D0S4 D0S8 D0S16 D16S0 D24S0 D32S0 Packed-D24S8 
FBO PF_FLOAT32_RGB depth/stencil support: D0S0 D0S1 D0S4 D0S8 D0S16 D16S0 D24S0 D32S0 Packed-D24S8 
FBO PF_FLOAT32_RGBA depth/stencil support: D0S0 D0S1 D0S4 D0S8 D0S16 D16S0 D24S0 D32S0 Packed-D24S8 
FBO PF_X8R8G8B8 depth/stencil support: D0S0 D0S1 D0S4 D0S8 D0S16 D16S0 D24S0 D32S0 Packed-D24S8 
FBO PF_X8B8G8R8 depth/stencil support: D0S0 D0S1 D0S4 D0S8 D0S16 D16S0 D24S0 D32S0 Packed-D24S8 
FBO PF_SHORT_RGBA depth/stencil support: D0S0 D0S1 D0S4 D0S8 D0S16 D16S0 D24S0 D32S0 Packed-D24S8 
FBO PF_R3G3B2 depth/stencil support: D0S0 D0S1 D0S4 D0S8 D0S16 D16S0 D24S0 D32S0 Packed-D24S8 
FBO PF_FLOAT16_R depth/stencil support: D0S0 D0S1 D0S4 D0S8 D0S16 D16S0 D24S0 D32S0 Packed-D24S8 
FBO PF_FLOAT32_R depth/stencil support: D0S0 D0S1 D0S4 D0S8 D0S16 D16S0 D24S0 D32S0 Packed-D24S8 
[GL] : Valid FBO targets PF_UNKNOWN PF_L8 PF_L16 PF_A8 PF_R5G6B5 PF_B5G6R5 PF_A1R5G5B5 PF_R8G8B8 PF_B8G8R8 PF_A8R8G8B8 PF_B8G8R8A8 PF_A2R10G10B10 PF_A2B10G10R10 PF_FLOAT16_RGB PF_FLOAT16_RGBA PF_FLOAT32_RGB PF_FLOAT32_RGBA PF_X8R8G8B8 PF_X8B8G8R8 PF_SHORT_RGBA PF_R3G3B2 PF_FLOAT16_R PF_FLOAT32_R 
RenderSystem capabilities
-------------------------
RenderSystem Name: OpenGL Rendering Subsystem
GPU Vendor: unknown
Device Name: Gallium 0.4 on NVCE
Driver Version: 3.0.0.0
 * Fixed function pipeline: yes
 * Hardware generation of mipmaps: yes
 * Texture blending: yes
 * Anisotropic texture filtering: yes
 * Dot product texture operation: yes
 * Cube mapping: yes
 * Hardware stencil buffer: yes
   - Stencil depth: 8
   - Two sided stencil support: yes
   - Wrap stencil values: yes
 * Hardware vertex / index buffers: yes
 * 32-bit index buffers: yes
 * Vertex programs: yes
 * Number of floating-point constants for vertex programs: 4096
 * Number of integer constants for vertex programs: 0
 * Number of boolean constants for vertex programs: 0
 * Fragment programs: yes
 * Number of floating-point constants for fragment programs: 4096
 * Number of integer constants for fragment programs: 0
 * Number of boolean constants for fragment programs: 0
 * Geometry programs: no
 * Number of floating-point constants for geometry programs: 0
 * Number of integer constants for geometry programs: 25336
 * Number of boolean constants for geometry programs: 28197
 * Tesselation Hull programs: no
 * Number of floating-point constants for tesselation hull programs: 13880
 * Number of integer constants for tesselation hull programs: 52
 * Number of boolean constants for tesselation hull programs: 0
 * Tesselation Domain programs: no
 * Number of floating-point constants for tesselation domain programs: 0
 * Number of integer constants for tesselation domain programs: 25432
 * Number of boolean constants for tesselation domain programs: 28197
 * Compute programs: no
 * Number of floating-point constants for compute programs: 32633
 * Number of integer constants for compute programs: 0
 * Number of boolean constants for compute programs: 11
 * Supported Shader Profiles: arbfp1 arbvp1 glsl glsl100 glsl110 glsl120 ps_1_1 ps_1_2 ps_1_3 ps_1_4
 * Texture Compression: yes
   - DXT: yes
   - VTC: no
   - PVRTC: no
   - ATC: no
   - ETC1: no
   - ETC2: no
   - BC4/BC5: no
   - BC6H/BC7: no
 * Scissor Rectangle: yes
 * Hardware Occlusion Query: yes
 * User clip planes: yes
 * VET_UBYTE4 vertex element type: yes
 * Infinite far plane projection: yes
 * Hardware render-to-texture: yes
 * Floating point textures: yes
 * Non-power-of-two textures: yes
 * 1d textures: yes
 * Volume textures: yes
 * Multiple Render Targets: 8
   - With different bit depths: yes
 * Point Sprites: yes
 * Extended point parameters: yes
 * Max Point Size: 63.375
 * Vertex texture fetch: yes
 * Number of world matrices: 0
 * Number of texture units: 16
 * Stencil buffer depth: 8
 * Number of vertex blend matrices: 0
   - Max vertex textures: 16
   - Vertex textures shared: yes
 * Render to Vertex Buffer : no
 * Hardware Atomic Counters: no
 * GL 1.5 without VBO workaround: no
 * Frame Buffer objects: yes
 * Frame Buffer objects (ARB extension): no
 * Frame Buffer objects (ATI extension): no
 * PBuffer support: yes
 * GL 1.5 without HW-occlusion workaround: no
 * Vertex Array Objects: no
 * Separate shader objects: no
DefaultWorkQueue('Root') initialising on thread 7f796eb46700.
DefaultWorkQueue('Root')::WorkerFunc - thread 7f795f589700 starting.
DefaultWorkQueue('Root')::WorkerFunc - thread 7f795fd8a700 starting.
DefaultWorkQueue('Root')::WorkerFunc - thread 7f795e587700 starting.
DefaultWorkQueue('Root')::WorkerFunc - thread 7f795ed88700 starting.
DefaultWorkQueue('Root')::WorkerFunc - thread 7f7956d88700 starting.
DefaultWorkQueue('Root')::WorkerFunc - thread 7f795dd86700 starting.
Particle Renderer Type 'billboard' registered
DefaultWorkQueue('Root')::WorkerFunc - thread 7f795cd84700 starting.
DefaultWorkQueue('Root')::WorkerFunc - thread 7f795d585700 starting.
SceneManagerFactory for type 'BspSceneManager' registered.
Registering ResourceManager for type BspLevel
SceneManagerFactory for type 'PCZSceneManager' registered.
MovableObjectFactory for type 'PCZLight' registered.
MovableObjectFactory for type 'Portal' registered.
MovableObjectFactory for type 'AntiPortal' registered.
PCZone Factory Type 'ZoneType_Octree' registered
SceneManagerFactory for type 'OctreeSceneManager' registered.
OverlayElementFactory for type Panel registered.
OverlayElementFactory for type BorderPanel registered.
OverlayElementFactory for type TextArea registered.
Registering ResourceManager for type Font
Parsing scripts for resource group Autodetect
Finished parsing scripts for resource group Autodetect
Creating resources for group Autodetect
All done
Parsing scripts for resource group Essential
Parsing script StdQuad_vp.program
Parsing script Examples.program
Parsing script Tiling.material
Parsing script RadialBlur.material
Parsing script RZR-002.material
Parsing script Glass.material
Parsing script cvn68.material
Parsing script Examples-Advanced.material
Parsing script f1Overlay.material
Parsing script MotionBlur.material
Parsing script sleek.material
Parsing script Laplace.material
Parsing script OffsetMapping.material
Parsing script SharpenEdges.material
Parsing script VarianceShadowmap.material
Parsing script Scene.material
Parsing script Bloom2.material
Parsing script IsoSurf.material
Parsing script instancing.material
Parsing script hdr.material
Parsing script Bloom.material
Parsing script rmenu.material
Parsing script missile.material
Parsing script pssm.material
Parsing script ddg51.material
Parsing script NightVision.material
Parsing script GLSLSwizzle.material
Parsing script CGSwizzle.material
Parsing script ASMSwizzle.material
Parsing script Embossed.material
Parsing script button.material
Parsing script ParticleGS.material
expr: (sampler) diffuseTex
High-level program Ogre/ParticleGS/DisplayPS encountered an error during loading and is thus not supported.
OGRE EXCEPTION(7:InternalErrorException): Unable to compile Cg program Ogre/ParticleGS/DisplayPS: The compile returned an error.
(647) : fatal error C9999: unexpected cast operation
 in CgProgram::compileMicrocode at /home/daniel/ogre/PlugIns/CgProgramManager/src/OgreCgProgramManagerDll.cpp (line 67)
Parsing script boat.material
Parsing script DepthShadowmap.material
Parsing script smoke.material
Parsing script drone.material
Parsing script Example-Water.material
Parsing script DOF.material
Parsing script MRTtest.material
Parsing script Debug.material
Parsing script OldMovie.material
Parsing script alienship.material
Parsing script cursor.material
Parsing script HeatVision.material
Parsing script ASCII.material
Parsing script OldTV.material
Parsing script Example-DynTex.material
Parsing script Dither.material
Parsing script ui.material
Parsing script Halftone.material
Parsing script sailboat.material
Parsing script facial.material
Parsing script Example.material
Parsing script BlackAndWhite.material
Parsing script wake.material
Parsing script cigarette.material
Parsing script Ogre.material
Parsing script Invert.material
Parsing script Posterize.material
Parsing script banshee.material
Parsing script shipInfo.material
Parsing script Hurt.material
Parsing script OgreOcean.material
Parsing script Armory.material
Parsing script EngineeringBay.material
Parsing script ship.material
Parsing script scv.material
Parsing script sciencevessel.material
Parsing script SupplyDepot.material
Parsing script Turret.material
Parsing script explosion.material
Parsing script BuildingWidget.material
Parsing script BuildingConstruction.material
Parsing script ghost.material
Parsing script wraith.material
Parsing script Barracks.material
Parsing script Crystal.material
Parsing script Colors.material
Parsing script CommandCenter.material
Parsing script dropship.material
Parsing script flash.material
Parsing script battlecruiser.material
Parsing script Port.material
Parsing script Factory.material
Parsing script valkyrie.material
Parsing script ResearchFacility.material
Parsing script Refinery.material
Parsing script buildingOverlay.material
Parsing script FESdkTrays.material
Parsing script explosion2.material
High-level program explodeFragmentProgramGLSL encountered an error during loading and is thus not supported.
OGRE EXCEPTION(6:FileNotFoundException): Cannot locate resource explode_fp.glsl in resource group Essential or any other group. in ResourceGroupManager::openResource at /home/daniel/ogre/OgreMain/src/OgreResourceGroupManager.cpp (line 756)
High-level program explodeVertexProgramGLSL encountered an error during loading and is thus not supported.
OGRE EXCEPTION(6:FileNotFoundException): Cannot locate resource explode_vp.glsl in resource group Essential or any other group. in ResourceGroupManager::openResource at /home/daniel/ogre/OgreMain/src/OgreResourceGroupManager.cpp (line 756)
Parsing script Terrain.material
Parsing script Mineral.material
Parsing script medic.material
Parsing script land.material
Parsing script Panels.material
Parsing script Oil.material
Parsing script Academy.material
Parsing script Bunker.material
Parsing script SdkTrays.material
Parsing script explosion.particle
Parsing script Examples.compositor
Parsing script SdkTrays.fontdef
Parsing script FESdkTrays.overlay
Texture: FE_Logo.png: Loading 1 faces(PF_A8R8G8B8,454x167x1) with 5 hardware generated mipmaps from Image. Internal format is PF_A8R8G8B8,454x167x1.
Parsing script SdkTrays.overlay
Texture: sdk_cursor.png: Loading 1 faces(PF_A8R8G8B8,32x32x1) with 5 hardware generated mipmaps from Image. Internal format is PF_A8R8G8B8,32x32x1.
Texture: sdk_tray.png: Loading 1 faces(PF_A8R8G8B8,64x64x1) with 5 hardware generated mipmaps from Image. Internal format is PF_A8R8G8B8,64x64x1.
Texture: sdk_button_up.png: Loading 1 faces(PF_A8R8G8B8,128x32x1) with 5 hardware generated mipmaps from Image. Internal format is PF_A8R8G8B8,128x32x1.
Texture: sdk_text_box.png: Loading 1 faces(PF_A8R8G8B8,32x32x1) with 5 hardware generated mipmaps from Image. Internal format is PF_A8R8G8B8,32x32x1.
Texture: sdk_mini_tray.png: Loading 1 faces(PF_A8R8G8B8,32x32x1) with 5 hardware generated mipmaps from Image. Internal format is PF_A8R8G8B8,32x32x1.
Texture: sdk_track.png: Loading 1 faces(PF_A8R8G8B8,16x32x1) with 5 hardware generated mipmaps from Image. Internal format is PF_A8R8G8B8,16x32x1.
Texture: sdk_handle.png: Loading 1 faces(PF_A8R8G8B8,16x16x1) with 4 hardware generated mipmaps from Image. Internal format is PF_A8R8G8B8,16x16x1.
Texture: sdk_mini_text_box.png: Loading 1 faces(PF_A8R8G8B8,32x32x1) with 5 hardware generated mipmaps from Image. Internal format is PF_A8R8G8B8,32x32x1.
Texture: sdk_label.png: Loading 1 faces(PF_A8R8G8B8,32x32x1) with 5 hardware generated mipmaps from Image. Internal format is PF_A8R8G8B8,32x32x1.
Texture: sdk_separator.png: Loading 1 faces(PF_A8R8G8B8,64x16x1) with 5 hardware generated mipmaps from Image. Internal format is PF_A8R8G8B8,64x16x1.
Texture: sdk_logo.png: Loading 1 faces(PF_A8R8G8B8,128x64x1) with 5 hardware generated mipmaps from Image. Internal format is PF_A8R8G8B8,128x64x1.
Texture: sdk_shade.png: Loading 1 faces(PF_A8R8G8B8,64x48x1) with 5 hardware generated mipmaps from Image. Internal format is PF_A8R8G8B8,64x48x1.
Texture: sdk_frame.png: Loading 1 faces(PF_A8R8G8B8,32x32x1) with 5 hardware generated mipmaps from Image. Internal format is PF_A8R8G8B8,32x32x1.
Texture: sdk_mini_text_box_over.png: Loading 1 faces(PF_A8R8G8B8,32x32x1) with 5 hardware generated mipmaps from Image. Internal format is PF_A8R8G8B8,32x32x1.
Texture: sdk_pulse.png: Loading 1 faces(PF_R8G8B8,8x1x1) with 3 hardware generated mipmaps from Image. Internal format is PF_X8R8G8B8,8x1x1.
Finished parsing scripts for resource group Essential
Creating resources for group Essential
All done
Parsing scripts for resource group General
Finished parsing scripts for resource group General
Creating resources for group General
All done
Parsing scripts for resource group Internal
Finished parsing scripts for resource group Internal
Creating resources for group Internal
All done
Parsing scripts for resource group Popular
Parsing script StdQuad_vp.program
Parsing script Instancing.program
Parsing script DualQuaternion.program
High-level program Ogre/DualQuaternionHardwareSkinningTwoWeightsCg encountered an error during loading and is thus not supported.
OGRE EXCEPTION(6:FileNotFoundException): Cannot locate resource DualQuaternion.cg in resource group Popular or any other group. in ResourceGroupManager::openResource at /home/daniel/ogre/OgreMain/src/OgreResourceGroupManager.cpp (line 756)
High-level program Ogre/DualQuaternionHardwareSkinningTwoWeightsTwoPhaseCg encountered an error during loading and is thus not supported.
OGRE EXCEPTION(6:FileNotFoundException): Cannot locate resource DualQuaternion.cg in resource group Popular or any other group. in ResourceGroupManager::openResource at /home/daniel/ogre/OgreMain/src/OgreResourceGroupManager.cpp (line 756)
Parsing script Examples.program
High-level program Ogre/HardwareMorphAnimationWithNormalsCg encountered an error during loading and is thus not supported.
OGRE EXCEPTION(7:InternalErrorException): Unable to compile Cg program Ogre/HardwareMorphAnimationWithNormalsCg: The compile returned an error.
(0) : error C3001: no program defined
 in CgProgram::compileMicrocode at /home/daniel/ogre/PlugIns/CgProgramManager/src/OgreCgProgramManagerDll.cpp (line 67)
High-level program Ogre/HardwarePoseAnimationWithNormalsCg encountered an error during loading and is thus not supported.
OGRE EXCEPTION(7:InternalErrorException): Unable to compile Cg program Ogre/HardwarePoseAnimationWithNormalsCg: The compile returned an error.
(0) : error C3001: no program defined
 in CgProgram::compileMicrocode at /home/daniel/ogre/PlugIns/CgProgramManager/src/OgreCgProgramManagerDll.cpp (line 67)
Parsing script deferred_post.program
Parsing script ShadowCaster.program
Parsing script Tiling.material
Parsing script AdaptivePNTrianglesTessellation.material
Parsing script RadialBlur.material
Parsing script RZR-002.material
Parsing script Glass.material
Parsing script Examples-Advanced.material
Parsing script MotionBlur.material
Parsing script RasterizationOrder.material
Parsing script Laplace.material
Parsing script OffsetMapping.material
Parsing script SharpenEdges.material
Parsing script VarianceShadowmap.material
Parsing script Bloom2.material
Parsing script IsoSurf.material
High-level program Ogre/IsoSurf/SampleFieldVS_CG encountered an error during loading and is thus not supported.
OGRE EXCEPTION(7:InternalErrorException): Unable to compile Cg program Ogre/IsoSurf/SampleFieldVS_CG: The compile returned an error.
(0) : error C3001: no program defined
 in CgProgram::compileMicrocode at /home/daniel/ogre/PlugIns/CgProgramManager/src/OgreCgProgramManagerDll.cpp (line 67)
High-level program Ogre/IsoSurf/MetaballPS_CG encountered an error during loading and is thus not supported.
OGRE EXCEPTION(7:InternalErrorException): Unable to compile Cg program Ogre/IsoSurf/MetaballPS_CG: The compile returned an error.
(0) : error C3001: no program defined
 in CgProgram::compileMicrocode at /home/daniel/ogre/PlugIns/CgProgramManager/src/OgreCgProgramManagerDll.cpp (line 67)
Parsing script instancing.material
Parsing script hdr.material
Parsing script Bloom.material
Parsing script pssm.material
Parsing script sibenik.material
Parsing script Penguin.material
Parsing script NightVision.material
Parsing script GLSLSwizzle.material
Parsing script Examples-Water.material
Parsing script CGSwizzle.material
Parsing script HW_VTFInstancing.material
Parsing script ShaderSystem.material
Parsing script ASMSwizzle.material
Parsing script Embossed.material
Parsing script HW_VTF_LUTInstancing.material
Parsing script Ocean.material
Parsing script ParticleGS.material
Parsing script DepthShadowmap.material
Parsing script smoke.material
Parsing script Example-Water.material
Parsing script DOF.material
Parsing script MRTtest.material
Parsing script Examples.material
High-level program Examples/GrassWaverFpCg encountered an error during loading and is thus not supported.
OGRE EXCEPTION(7:InternalErrorException): Unable to compile Cg program Examples/GrassWaverFpCg: The compile returned an error.
(0) : error C3001: no program defined
 in CgProgram::compileMicrocode at /home/daniel/ogre/PlugIns/CgProgramManager/src/OgreCgProgramManagerDll.cpp (line 67)
Parsing script InstancingMisc.material
Parsing script OldMovie.material
Parsing script VTFInstancing.material
Parsing script HeatVision.material
Parsing script ASCII.material
Parsing script OldTV.material
Parsing script Dither.material
Parsing script Tesselation.material
Parsing script Halftone.material
Parsing script facial.material
Parsing script ShaderInstancing.material
Parsing script BlackAndWhite.material
Parsing script Ogre.material
Parsing script Invert.material
Parsing script CompositorDemo.material
Parsing script shadows.material
High-level program Ogre/shadow/caster/depth/vpCg encountered an error during loading and is thus not supported.
OGRE EXCEPTION(6:FileNotFoundException): Cannot locate resource depthshadowobject.cg in resource group Popular or any other group. in ResourceGroupManager::openResource at /home/daniel/ogre/OgreMain/src/OgreResourceGroupManager.cpp (line 756)
High-level program Ogre/shadow/caster/depth/fpCg encountered an error during loading and is thus not supported.
OGRE EXCEPTION(6:FileNotFoundException): Cannot locate resource depthshadowobject.cg in resource group Popular or any other group. in ResourceGroupManager::openResource at /home/daniel/ogre/OgreMain/src/OgreResourceGroupManager.cpp (line 756)
High-level program Ogre/shadow/receiver/depth/pssm3/vpCg encountered an error during loading and is thus not supported.
OGRE EXCEPTION(6:FileNotFoundException): Cannot locate resource depthshadowobject.cg in resource group Popular or any other group. in ResourceGroupManager::openResource at /home/daniel/ogre/OgreMain/src/OgreResourceGroupManager.cpp (line 756)
High-level program Ogre/shadow/receiver/depth/pssm3/fpCg encountered an error during loading and is thus not supported.
OGRE EXCEPTION(6:FileNotFoundException): Cannot locate resource depthshadowobject.cg in resource group Popular or any other group. in ResourceGroupManager::openResource at /home/daniel/ogre/OgreMain/src/OgreResourceGroupManager.cpp (line 756)
Parsing script Posterize.material
Parsing script Examples-DynTex.material
High-level program Ogre/Dyn_Text_VS_CG encountered an error during loading and is thus not supported.
OGRE EXCEPTION(6:FileNotFoundException): Cannot locate resource Dyn-Text.cg in resource group Popular or any other group. in ResourceGroupManager::openResource at /home/daniel/ogre/OgreMain/src/OgreResourceGroupManager.cpp (line 756)
High-level program Ogre/Dyn_Text_PS_CG encountered an error during loading and is thus not supported.
OGRE EXCEPTION(6:FileNotFoundException): Cannot locate resource Dyn-Text.cg in resource group Popular or any other group. in ResourceGroupManager::openResource at /home/daniel/ogre/OgreMain/src/OgreResourceGroupManager.cpp (line 756)
Parsing script HWInstancing.material
Parsing script Hurt.material
Parsing script DualQuaternion.material
Parsing script ssao.material
Parsing script ShadowCaster.material
Parsing script deferred_post.material
Parsing script deferreddemo.material
Parsing script deferred_post_minilight.material
Parsing script ROOM.material
Parsing script HardwareSkinningShadow.material
High-level program Ogre/RTShader/shadow_caster_ps_cg encountered an error during loading and is thus not supported.
OGRE EXCEPTION(6:FileNotFoundException): Cannot locate resource HardwareSkinningShadow.cg in resource group Popular or any other group. in ResourceGroupManager::openResource at /home/daniel/ogre/OgreMain/src/OgreResourceGroupManager.cpp (line 756)
High-level program Ogre/RTShader/shadow_caster_skinning_1weight_vs_cg encountered an error during loading and is thus not supported.
OGRE EXCEPTION(6:FileNotFoundException): Cannot locate resource HardwareSkinningShadow.cg in resource group Popular or any other group. in ResourceGroupManager::openResource at /home/daniel/ogre/OgreMain/src/OgreResourceGroupManager.cpp (line 756)
High-level program Ogre/RTShader/shadow_caster_skinning_2weight_vs_cg encountered an error during loading and is thus not supported.
OGRE EXCEPTION(6:FileNotFoundException): Cannot locate resource HardwareSkinningShadow.cg in resource group Popular or any other group. in ResourceGroupManager::openResource at /home/daniel/ogre/OgreMain/src/OgreResourceGroupManager.cpp (line 756)
High-level program Ogre/RTShader/shadow_caster_skinning_3weight_vs_cg encountered an error during loading and is thus not supported.
OGRE EXCEPTION(6:FileNotFoundException): Cannot locate resource HardwareSkinningShadow.cg in resource group Popular or any other group. in ResourceGroupManager::openResource at /home/daniel/ogre/OgreMain/src/OgreResourceGroupManager.cpp (line 756)
High-level program Ogre/RTShader/shadow_caster_skinning_4weight_vs_cg encountered an error during loading and is thus not supported.
OGRE EXCEPTION(6:FileNotFoundException): Cannot locate resource HardwareSkinningShadow.cg in resource group Popular or any other group. in ResourceGroupManager::openResource at /home/daniel/ogre/OgreMain/src/OgreResourceGroupManager.cpp (line 756)
High-level program Ogre/RTShader/shadow_receiver_vs encountered an error during loading and is thus not supported.
OGRE EXCEPTION(6:FileNotFoundException): Cannot locate resource HardwareSkinningShadow.cg in resource group Popular or any other group. in ResourceGroupManager::openResource at /home/daniel/ogre/OgreMain/src/OgreResourceGroupManager.cpp (line 756)
High-level program Ogre/RTShader/shadow_receiver_ps encountered an error during loading and is thus not supported.
OGRE EXCEPTION(6:FileNotFoundException): Cannot locate resource HardwareSkinningShadow.cg in resource group Popular or any other group. in ResourceGroupManager::openResource at /home/daniel/ogre/OgreMain/src/OgreResourceGroupManager.cpp (line 756)
Parsing script RTShaderSystem.material
Parsing script DualQuaternionSkinning_Shadow.material
High-level program Ogre/RTShader/shadow_caster_dq_ps_cg encountered an error during loading and is thus not supported.
OGRE EXCEPTION(6:FileNotFoundException): Cannot locate resource DualQuaternionSkinning_Shadow.cg in resource group Popular or any other group. in ResourceGroupManager::openResource at /home/daniel/ogre/OgreMain/src/OgreResourceGroupManager.cpp (line 756)
High-level program Ogre/RTShader/shadow_caster_dq_skinning_1weight_vs_cg encountered an error during loading and is thus not supported.
OGRE EXCEPTION(6:FileNotFoundException): Cannot locate resource DualQuaternionSkinning_Shadow.cg in resource group Popular or any other group. in ResourceGroupManager::openResource at /home/daniel/ogre/OgreMain/src/OgreResourceGroupManager.cpp (line 756)
High-level program Ogre/RTShader/shadow_caster_dq_skinning_2weight_vs_cg encountered an error during loading and is thus not supported.
OGRE EXCEPTION(6:FileNotFoundException): Cannot locate resource DualQuaternionSkinning_Shadow.cg in resource group Popular or any other group. in ResourceGroupManager::openResource at /home/daniel/ogre/OgreMain/src/OgreResourceGroupManager.cpp (line 756)
High-level program Ogre/RTShader/shadow_caster_dq_skinning_3weight_vs_cg encountered an error during loading and is thus not supported.
OGRE EXCEPTION(6:FileNotFoundException): Cannot locate resource DualQuaternionSkinning_Shadow.cg in resource group Popular or any other group. in ResourceGroupManager::openResource at /home/daniel/ogre/OgreMain/src/OgreResourceGroupManager.cpp (line 756)
High-level program Ogre/RTShader/shadow_caster_dq_skinning_4weight_vs_cg encountered an error during loading and is thus not supported.
OGRE EXCEPTION(6:FileNotFoundException): Cannot locate resource DualQuaternionSkinning_Shadow.cg in resource group Popular or any other group. in ResourceGroupManager::openResource at /home/daniel/ogre/OgreMain/src/OgreResourceGroupManager.cpp (line 756)
High-level program Ogre/RTShader/shadow_caster_dq_skinning_1weight_twophase_vs_cg encountered an error during loading and is thus not supported.
OGRE EXCEPTION(6:FileNotFoundException): Cannot locate resource DualQuaternionSkinning_Shadow.cg in resource group Popular or any other group. in ResourceGroupManager::openResource at /home/daniel/ogre/OgreMain/src/OgreResourceGroupManager.cpp (line 756)
High-level program Ogre/RTShader/shadow_caster_dq_skinning_2weight_twophase_vs_cg encountered an error during loading and is thus not supported.
OGRE EXCEPTION(6:FileNotFoundException): Cannot locate resource DualQuaternionSkinning_Shadow.cg in resource group Popular or any other group. in ResourceGroupManager::openResource at /home/daniel/ogre/OgreMain/src/OgreResourceGroupManager.cpp (line 756)
Parsing script TriplanarTexturing.material
Parsing script RomanBath.material
Parsing script Sinbad.material
Parsing script smoke.particle
Parsing script Examples-Water.particle
Parsing script emitted_emitter.particle
Parsing script Examples.particle
Parsing script Examples.compositor
Parsing script ssao.compositor
Parsing script deferred.compositor
Finished parsing scripts for resource group Popular
Creating resources for group Popular
All done
Cannot find buffer, attempting to load file: data/watercraft/sounds/backgroundMusic.wav
SoundManager Music file: data/watercraft/sounds/backgroundMusic.wav is being readied
Generated Buffer 
Generated Source 
SoundManager backgroundMusic file: data/watercraft/sounds/backgroundMusic.wav is being readied
Cannot find buffer, attempting to load file: data/watercraft/sounds/takeYourOrder.wav
SoundManager Music file: data/watercraft/sounds/takeYourOrder.wav is being readied
Generated Buffer 
Generated Source 
Cannot find buffer, attempting to load file: data/watercraft/sounds/boatMoving.wav
SoundManager Music file: data/watercraft/sounds/boatMoving.wav is being readied
Generated Buffer 
Generated Source 
Cannot find buffer, attempting to load file: data/watercraft/sounds/GoodDay.wav
SoundManager Music file: data/watercraft/sounds/GoodDay.wav is being readied
Generated Buffer 
Generated Source 
Cannot find buffer, attempting to load file: data/watercraft/sounds/clong.wav
SoundManager Music file: data/watercraft/sounds/clong.wav is being readied
Generated Buffer 
Generated Source 
Cannot find buffer, attempting to load file: data/watercraft/sounds/explosion.wav
SoundManager Music file: data/watercraft/sounds/explosion.wav is being readied
Generated Buffer 
Generated Source 
GFX: Number of ents: 0
Texture: clouds.jpg: Loading 1 faces(PF_R8G8B8,256x256x1) with 5 hardware generated mipmaps from Image. Internal format is PF_X8R8G8B8,256x256x1.
Texture: NoiseVolume.dds: Loading 1 faces(PF_L8,128x128x128) with 5 hardware generated mipmaps from Image. Internal format is PF_L8,128x128x128.
Texture: morning.jpg: Loading 6 faces(PF_R8G8B8,512x512x1) with 5 hardware generated mipmaps from multiple Images. Internal format is PF_X8R8G8B8,512x512x1.
GLSL compiled: 
GLSL compiled: 
Vertex Program:GLSL/OceanVS Fragment Program:GLSL/OceanFS GLSL link result : active samplers with a different type refer to the same texture image unit
Texture: ecslentUI3.png: Loading 1 faces(PF_A8R8G8B8,1024x768x1) with 5 hardware generated mipmaps from Image. Internal format is PF_A8R8G8B8,1024x768x1.
Texture: metal0.jpg: Loading 1 faces(PF_R8G8B8,259x195x1) with 5 hardware generated mipmaps from Image. Internal format is PF_X8R8G8B8,259x195x1.
Texture: rmenu.png: Loading 1 faces(PF_A8R8G8B8,128x128x1) with 5 hardware generated mipmaps from Image. Internal format is PF_A8R8G8B8,128x128x1.
Texture: Attack.png: Loading 1 faces(PF_A8R8G8B8,300x200x1) with 5 hardware generated mipmaps from Image. Internal format is PF_A8R8G8B8,300x200x1.
Texture: Factory.jpg: Loading 1 faces(PF_R8G8B8,300x200x1) with 5 hardware generated mipmaps from Image. Internal format is PF_X8R8G8B8,300x200x1.
Texture: Refinery.jpg: Loading 1 faces(PF_R8G8B8,300x200x1) with 5 hardware generated mipmaps from Image. Internal format is PF_X8R8G8B8,300x200x1.
Texture: Barracks.jpg: Loading 1 faces(PF_R8G8B8,300x200x1) with 5 hardware generated mipmaps from Image. Internal format is PF_X8R8G8B8,300x200x1.
Texture: Move.png: Loading 1 faces(PF_A8R8G8B8,300x200x1) with 5 hardware generated mipmaps from Image. Internal format is PF_A8R8G8B8,300x200x1.
Texture: Gather.png: Loading 1 faces(PF_A8R8G8B8,300x200x1) with 5 hardware generated mipmaps from Image. Internal format is PF_A8R8G8B8,300x200x1.
Texture: SCV.png: Loading 1 faces(PF_A8R8G8B8,300x200x1) with 5 hardware generated mipmaps from Image. Internal format is PF_A8R8G8B8,300x200x1.
Texture: MARINE.png: Loading 1 faces(PF_A8R8G8B8,300x200x1) with 5 hardware generated mipmaps from Image. Internal format is PF_A8R8G8B8,300x200x1.
Texture: VULTURE.png: Loading 1 faces(PF_A8R8G8B8,300x200x1) with 5 hardware generated mipmaps from Image. Internal format is PF_A8R8G8B8,300x200x1.
Texture: Action1.png: Loading 1 faces(PF_A8R8G8B8,200x200x1) with 5 hardware generated mipmaps from Image. Internal format is PF_A8R8G8B8,200x200x1.
Texture: Action2.png: Loading 1 faces(PF_A8R8G8B8,200x200x1) with 5 hardware generated mipmaps from Image. Internal format is PF_A8R8G8B8,200x200x1.
Texture: Action3.png: Loading 1 faces(PF_A8R8G8B8,200x200x1) with 5 hardware generated mipmaps from Image. Internal format is PF_A8R8G8B8,200x200x1.
Texture: Action4.png: Loading 1 faces(PF_A8R8G8B8,200x200x1) with 5 hardware generated mipmaps from Image. Internal format is PF_A8R8G8B8,200x200x1.
Texture: Action5.png: Loading 1 faces(PF_A8R8G8B8,200x200x1) with 5 hardware generated mipmaps from Image. Internal format is PF_A8R8G8B8,200x200x1.
Texture: rmenuLine.png: Loading 1 faces(PF_R8G8B8,128x128x1) with 5 hardware generated mipmaps from Image. Internal format is PF_X8R8G8B8,128x128x1.
Font SdkTrays/Value using texture size 512x256
Info: Freetype returned null for character 127 in font SdkTrays/Value
Info: Freetype returned null for character 128 in font SdkTrays/Value
Info: Freetype returned null for character 129 in font SdkTrays/Value
Info: Freetype returned null for character 130 in font SdkTrays/Value
Info: Freetype returned null for character 131 in font SdkTrays/Value
Info: Freetype returned null for character 132 in font SdkTrays/Value
Info: Freetype returned null for character 133 in font SdkTrays/Value
Info: Freetype returned null for character 134 in font SdkTrays/Value
Info: Freetype returned null for character 135 in font SdkTrays/Value
Info: Freetype returned null for character 136 in font SdkTrays/Value
Info: Freetype returned null for character 137 in font SdkTrays/Value
Info: Freetype returned null for character 138 in font SdkTrays/Value
Info: Freetype returned null for character 139 in font SdkTrays/Value
Info: Freetype returned null for character 140 in font SdkTrays/Value
Info: Freetype returned null for character 141 in font SdkTrays/Value
Info: Freetype returned null for character 142 in font SdkTrays/Value
Info: Freetype returned null for character 143 in font SdkTrays/Value
Info: Freetype returned null for character 144 in font SdkTrays/Value
Info: Freetype returned null for character 145 in font SdkTrays/Value
Info: Freetype returned null for character 146 in font SdkTrays/Value
Info: Freetype returned null for character 147 in font SdkTrays/Value
Info: Freetype returned null for character 148 in font SdkTrays/Value
Info: Freetype returned null for character 149 in font SdkTrays/Value
Info: Freetype returned null for character 150 in font SdkTrays/Value
Info: Freetype returned null for character 151 in font SdkTrays/Value
Info: Freetype returned null for character 152 in font SdkTrays/Value
Info: Freetype returned null for character 153 in font SdkTrays/Value
Info: Freetype returned null for character 154 in font SdkTrays/Value
Info: Freetype returned null for character 155 in font SdkTrays/Value
Info: Freetype returned null for character 156 in font SdkTrays/Value
Info: Freetype returned null for character 157 in font SdkTrays/Value
Info: Freetype returned null for character 158 in font SdkTrays/Value
Info: Freetype returned null for character 159 in font SdkTrays/Value
Info: Freetype returned null for character 160 in font SdkTrays/Value
Texture: SdkTrays/ValueTexture: Loading 1 faces(PF_BYTE_LA,512x256x1) Internal format is PF_BYTE_LA,512x256x1.
Name: Drone.0
Mesh: Loading drone.mesh.
Texture: ecsl.bmp: Loading 1 faces(PF_R8G8B8,128x128x1) with 5 hardware generated mipmaps from Image. Internal format is PF_X8R8G8B8,128x128x1.
GFX creating: Drone.0
Mesh: Loading cube.mesh.
Name: Drone.1
GFX creating: Drone.1
Name: Drone.2
GFX creating: Drone.2
Name: Zealot.3
Mesh: Loading banshee.mesh.
Texture: ecslDark.bmp: Loading 1 faces(PF_R8G8B8,128x128x1) with 5 hardware generated mipmaps from Image. Internal format is PF_X8R8G8B8,128x128x1.
GFX creating: Zealot.3
Name: Zealot.4
GFX creating: Zealot.4
