08:01:15: Creating resource group General
08:01:15: Creating resource group Internal
08:01:15: Creating resource group Autodetect
08:01:15: SceneManagerFactory for type 'DefaultSceneManager' registered.
08:01:15: Registering ResourceManager for type Material
08:01:15: Registering ResourceManager for type Mesh
08:01:15: Registering ResourceManager for type Skeleton
08:01:15: MovableObjectFactory for type 'ParticleSystem' registered.
08:01:15: ArchiveFactory for archive type FileSystem registered.
08:01:15: ArchiveFactory for archive type Zip registered.
08:01:15: ArchiveFactory for archive type EmbeddedZip registered.
08:01:15: DDS codec registering
08:01:15: FreeImage version: 3.17.0
08:01:15: This program uses FreeImage, a free, open source image library supporting all common bitmap formats. See http://freeimage.sourceforge.net for details
08:01:15: Supported formats: bmp,ico,jpg,jif,jpeg,jpe,jng,koa,iff,lbm,mng,pbm,pbm,pcd,pcx,pgm,pgm,png,ppm,ppm,ras,tga,targa,tif,tiff,wap,wbmp,wbm,psd,cut,xbm,xpm,gif,hdr,sgi,rgb,rgba,bw,exr,j2k,j2c,jp2,pfm,pct,pict,pic,3fr,arw,bay,bmq,cap,cine,cr2,crw,cs1,dc2,dcr,drf,dsc,dng,erf,fff,ia,iiq,k25,kc2,kdc,mdc,mef,mos,mrw,nef,nrw,orf,pef,ptx,pxn,qtk,raf,raw,rdc,rw2,rwl,rwz,sr2,srf,srw,sti,x3f,webp,jxr,wdp,hdp
08:01:15: Registering ResourceManager for type HighLevelGpuProgram
08:01:15: Registering ResourceManager for type Compositor
08:01:15: MovableObjectFactory for type 'Entity' registered.
08:01:15: MovableObjectFactory for type 'Light' registered.
08:01:15: MovableObjectFactory for type 'BillboardSet' registered.
08:01:15: MovableObjectFactory for type 'ManualObject' registered.
08:01:15: MovableObjectFactory for type 'BillboardChain' registered.
08:01:15: MovableObjectFactory for type 'RibbonTrail' registered.
08:01:15: Loading library /usr/local/lib/OGRE/RenderSystem_GL
08:01:15: Installing plugin: GL RenderSystem
08:01:15: OpenGL Rendering Subsystem created.
08:01:15: Plugin successfully installed
08:01:15: Loading library /usr/local/lib/OGRE/Plugin_ParticleFX
08:01:15: Installing plugin: ParticleFX
08:01:15: Particle Emitter Type 'Point' registered
08:01:15: Particle Emitter Type 'Box' registered
08:01:15: Particle Emitter Type 'Ellipsoid' registered
08:01:15: Particle Emitter Type 'Cylinder' registered
08:01:15: Particle Emitter Type 'Ring' registered
08:01:15: Particle Emitter Type 'HollowEllipsoid' registered
08:01:15: Particle Affector Type 'LinearForce' registered
08:01:15: Particle Affector Type 'ColourFader' registered
08:01:15: Particle Affector Type 'ColourFader2' registered
08:01:15: Particle Affector Type 'ColourImage' registered
08:01:15: Particle Affector Type 'ColourInterpolator' registered
08:01:15: Particle Affector Type 'Scaler' registered
08:01:15: Particle Affector Type 'Rotator' registered
08:01:15: Particle Affector Type 'DirectionRandomiser' registered
08:01:15: Particle Affector Type 'DeflectorPlane' registered
08:01:15: Plugin successfully installed
08:01:15: Loading library /usr/local/lib/OGRE/Plugin_BSPSceneManager
08:01:16: Installing plugin: BSP Scene Manager
08:01:16: Plugin successfully installed
08:01:16: Loading library /usr/local/lib/OGRE/Plugin_CgProgramManager
08:01:16: Installing plugin: Cg Program Manager
08:01:16: Plugin successfully installed
08:01:16: Loading library /usr/local/lib/OGRE/Plugin_PCZSceneManager
08:01:16: Installing plugin: Portal Connected Zone Scene Manager
08:01:16: PCZone Factory Type 'ZoneType_Default' registered
08:01:16: Plugin successfully installed
08:01:16: Loading library /usr/local/lib/OGRE/Plugin_OctreeZone
08:01:16: Installing plugin: Octree Zone Factory
08:01:16: Plugin successfully installed
08:01:16: Loading library /usr/local/lib/OGRE/Plugin_OctreeSceneManager
08:01:16: Installing plugin: Octree Scene Manager
08:01:16: Plugin successfully installed
08:01:16: *-*-* OGRE Initialising
08:01:16: *-*-* Version 1.9.0 (Ghadamon)
08:01:16: Creating resource group Essential
08:01:16: Added resource location '../Media/thumbnails' of type 'FileSystem' to resource group 'Essential'
08:01:16: Added resource location 'data/material/programs' of type 'FileSystem' to resource group 'Essential'
08:01:16: Added resource location 'data/material/scripts' of type 'FileSystem' to resource group 'Essential'
08:01:16: Added resource location 'data/material/textures' of type 'FileSystem' to resource group 'Essential'
08:01:16: Added resource location 'data/meshes' of type 'FileSystem' to resource group 'Essential'
08:01:16: Added resource location 'data/watercraft/material/maps' of type 'FileSystem' to resource group 'Essential'
08:01:16: Added resource location 'data/watercraft/material/scripts' of type 'FileSystem' to resource group 'Essential'
08:01:16: Added resource location 'data/watercraft/material/textures' of type 'FileSystem' to resource group 'Essential'
08:01:16: Added resource location 'data/watercraft/meshes' of type 'FileSystem' to resource group 'Essential'
08:01:16: Added resource location 'data/watercraft/terrain' of type 'FileSystem' to resource group 'Essential'
08:01:16: Added resource location '../Media/packs/SdkTrays.zip' of type 'Zip' to resource group 'Essential'
08:01:16: Added resource location '../Media' of type 'FileSystem' to resource group 'General'
08:01:16: Creating resource group Popular
08:01:16: Added resource location '../Media/fonts' of type 'FileSystem' to resource group 'Popular'
08:01:16: Added resource location '../Media/materials/programs' of type 'FileSystem' to resource group 'Popular'
08:01:16: Added resource location '../Media/materials/programs/GLSL' of type 'FileSystem' to resource group 'Popular'
08:01:16: Added resource location '../Media/materials/scripts' of type 'FileSystem' to resource group 'Popular'
08:01:16: Added resource location '../Media/materials/textures' of type 'FileSystem' to resource group 'Popular'
08:01:16: Added resource location '../Media/materials/textures/nvidia' of type 'FileSystem' to resource group 'Popular'
08:01:16: Added resource location '../Media/models' of type 'FileSystem' to resource group 'Popular'
08:01:16: Added resource location '../Media/particle' of type 'FileSystem' to resource group 'Popular'
08:01:16: Added resource location '../Media/DeferredShadingMedia' of type 'FileSystem' to resource group 'Popular'
08:01:16: Added resource location '../Media/PCZAppMedia' of type 'FileSystem' to resource group 'Popular'
08:01:16: Added resource location '../Media/RTShaderLib' of type 'FileSystem' to resource group 'Popular'
08:01:16: Added resource location '../Media/RTShaderLib/materials' of type 'FileSystem' to resource group 'Popular'
08:01:16: Added resource location '../Media/RTShaderLib/materials/programs/GLSL' of type 'FileSystem' to resource group 'Popular'
08:01:16: Added resource location '../Media/RTShaderLib/GLSL' of type 'FileSystem' to resource group 'Popular'
08:01:16: Added resource location '../Media/packs/cubemap.zip' of type 'Zip' to resource group 'Popular'
08:01:16: Added resource location '../Media/packs/cubemapsJS.zip' of type 'Zip' to resource group 'Popular'
08:01:16: Added resource location '../Media/packs/dragon.zip' of type 'Zip' to resource group 'Popular'
08:01:16: Added resource location '../Media/packs/fresneldemo.zip' of type 'Zip' to resource group 'Popular'
08:01:16: Added resource location '../Media/packs/ogretestmap.zip' of type 'Zip' to resource group 'Popular'
08:01:16: Added resource location '../Media/packs/ogredance.zip' of type 'Zip' to resource group 'Popular'
08:01:16: Added resource location '../Media/packs/Sinbad.zip' of type 'Zip' to resource group 'Popular'
08:01:16: Added resource location '../Media/packs/skybox.zip' of type 'Zip' to resource group 'Popular'
08:01:16: CPU Identifier & Features
08:01:16: -------------------------
08:01:16:  *   CPU ID: GenuineIntel: Intel(R) Core(TM) i7-3610QM CPU @ 2.30GHz
08:01:16:  *      SSE: yes
08:01:16:  *     SSE2: yes
08:01:16:  *     SSE3: yes
08:01:16:  *      MMX: yes
08:01:16:  *   MMXEXT: yes
08:01:16:  *    3DNOW: no
08:01:16:  * 3DNOWEXT: no
08:01:16:  *     CMOV: yes
08:01:16:  *      TSC: yes
08:01:16:  *      FPU: yes
08:01:16:  *      PRO: yes
08:01:16:  *       HT: no
08:01:16: -------------------------
08:01:16: ******************************
*** Starting GLX Subsystem ***
******************************
08:01:16: Registering ResourceManager for type Texture
08:01:16: GLRenderSystem::_createRenderWindow "FastEcslent::GraphicsInteractionManager's Render Window", 1440x900 windowed  miscParams: FSAA=0 displayFrequency=65 Hz gamma=No vsync=No 
08:01:16: GLXWindow::create used FBConfigID = 319
08:01:16: GL_VERSION = 3.0 Mesa 12.0.6
08:01:16: GL_VENDOR = nouveau
08:01:16: GL_RENDERER = Gallium 0.4 on NVCE
08:01:16: GL_EXTENSIONS = GL_ARB_multisample GL_EXT_abgr GL_EXT_bgra GL_EXT_blend_color GL_EXT_blend_minmax GL_EXT_blend_subtract GL_EXT_copy_texture GL_EXT_polygon_offset GL_EXT_subtexture GL_EXT_texture_object GL_EXT_vertex_array GL_EXT_compiled_vertex_array GL_EXT_texture GL_EXT_texture3D GL_IBM_rasterpos_clip GL_ARB_point_parameters GL_EXT_draw_range_elements GL_EXT_packed_pixels GL_EXT_point_parameters GL_EXT_rescale_normal GL_EXT_separate_specular_color GL_EXT_texture_edge_clamp GL_SGIS_generate_mipmap GL_SGIS_texture_border_clamp GL_SGIS_texture_edge_clamp GL_SGIS_texture_lod GL_ARB_framebuffer_sRGB GL_ARB_multitexture GL_EXT_framebuffer_sRGB GL_IBM_multimode_draw_arrays GL_IBM_texture_mirrored_repeat GL_ARB_texture_cube_map GL_ARB_texture_env_add GL_ARB_transpose_matrix GL_EXT_blend_func_separate GL_EXT_fog_coord GL_EXT_multi_draw_arrays GL_EXT_secondary_color GL_EXT_texture_env_add GL_EXT_texture_filter_anisotropic GL_EXT_texture_lod_bias GL_INGR_blend_func_separate GL_NV_blend_square GL_NV_light_max_exponent GL_NV_texgen_reflection GL_NV_texture_env_combine4 GL_S3_s3tc GL_SUN_multi_draw_arrays GL_ARB_texture_border_clamp GL_ARB_texture_compression GL_EXT_framebuffer_object GL_EXT_texture_compression_s3tc GL_EXT_texture_env_combine GL_EXT_texture_env_dot3 GL_MESA_window_pos GL_NV_packed_depth_stencil GL_NV_texture_rectangle GL_ARB_depth_texture GL_ARB_occlusion_query GL_ARB_shadow GL_ARB_texture_env_combine GL_ARB_texture_env_crossbar GL_ARB_texture_env_dot3 GL_ARB_texture_mirrored_repeat GL_ARB_window_pos GL_ATI_fragment_shader GL_EXT_stencil_two_side GL_EXT_texture_cube_map GL_NV_depth_clamp GL_NV_fog_distance GL_APPLE_packed_pixels GL_APPLE_vertex_array_object GL_ARB_draw_buffers GL_ARB_fragment_program GL_ARB_fragment_shader GL_ARB_shader_objects GL_ARB_vertex_program GL_ARB_vertex_shader GL_ATI_draw_buffers GL_ATI_texture_env_combine3 GL_ATI_texture_float GL_EXT_depth_bounds_test GL_EXT_shadow_funcs GL_EXT_stencil_wrap GL_MESA_pack_invert GL_NV_primitive_restart GL_ARB_depth_clamp GL_ARB_fragment_program_shadow GL_ARB_half_float_pixel GL_ARB_occlusion_query2 GL_ARB_point_sprite GL_ARB_shading_language_100 GL_ARB_sync GL_ARB_texture_non_power_of_two GL_ARB_vertex_buffer_object GL_ATI_blend_equation_separate GL_EXT_blend_equation_separate GL_OES_read_format GL_ARB_color_buffer_float GL_ARB_pixel_buffer_object GL_ARB_texture_compression_rgtc GL_ARB_texture_float GL_ARB_texture_rectangle GL_ATI_texture_compression_3dc GL_EXT_packed_float GL_EXT_pixel_buffer_object GL_EXT_texture_compression_dxt1 GL_EXT_texture_compression_rgtc GL_EXT_texture_mirror_clamp GL_EXT_texture_rectangle GL_EXT_texture_sRGB GL_EXT_texture_shared_exponent GL_ARB_framebuffer_object GL_EXT_framebuffer_blit GL_EXT_framebuffer_multisample GL_EXT_packed_depth_stencil GL_ARB_vertex_array_object GL_ATI_separate_stencil GL_ATI_texture_mirror_once GL_EXT_draw_buffers2 GL_EXT_draw_instanced GL_EXT_gpu_program_parameters GL_EXT_texture_array GL_EXT_texture_compression_latc GL_EXT_texture_integer GL_EXT_texture_sRGB_decode GL_EXT_timer_query GL_OES_EGL_image GL_AMD_performance_monitor GL_ARB_copy_buffer GL_ARB_depth_buffer_float GL_ARB_draw_instanced GL_ARB_half_float_vertex GL_ARB_instanced_arrays GL_ARB_map_buffer_range GL_ARB_texture_rg GL_ARB_texture_swizzle GL_ARB_vertex_array_bgra GL_EXT_texture_swizzle GL_EXT_vertex_array_bgra GL_NV_conditional_render GL_AMD_conservative_depth GL_AMD_draw_buffers_blend GL_ARB_ES2_compatibility GL_ARB_blend_func_extended GL_ARB_debug_output GL_ARB_draw_buffers_blend GL_ARB_draw_elements_base_vertex GL_ARB_explicit_attrib_location GL_ARB_fragment_coord_conventions GL_ARB_provoking_vertex GL_ARB_sample_shading GL_ARB_sampler_objects GL_ARB_seamless_cube_map GL_ARB_shader_texture_lod GL_ARB_texture_cube_map_array GL_ARB_texture_gather GL_ARB_texture_multisample GL_ARB_texture_query_lod GL_ARB_texture_rgb10_a2ui GL_ARB_uniform_buffer_object GL_ARB_vertex_type_2_10_10_10_rev GL_EXT_provoking_vertex GL_EXT_texture_snorm GL_MESA_texture_signed_rgba GL_NV_texture_barrier GL_ARB_get_program_binary GL_ARB_robustness GL_ARB_separate_shader_objects GL_ARB_shader_bit_encoding GL_ARB_shader_precision GL_ARB_texture_compression_bptc GL_ARB_timer_query GL_ARB_transform_feedback2 GL_ARB_transform_feedback3 GL_NV_vdpau_interop GL_ANGLE_texture_compression_dxt3 GL_ANGLE_texture_compression_dxt5 GL_ARB_base_instance GL_ARB_compressed_texture_pixel_storage GL_ARB_conservative_depth GL_ARB_internalformat_query GL_ARB_map_buffer_alignment GL_ARB_shader_atomic_counters GL_ARB_shader_image_load_store GL_ARB_shading_language_420pack GL_ARB_shading_language_packing GL_ARB_texture_storage GL_ARB_transform_feedback_instanced GL_EXT_framebuffer_multisample_blit_scaled GL_EXT_transform_feedback GL_AMD_shader_trinary_minmax GL_ARB_ES3_compatibility GL_ARB_arrays_of_arrays GL_ARB_clear_buffer_object GL_ARB_compute_shader GL_ARB_copy_image GL_ARB_explicit_uniform_location GL_ARB_framebuffer_no_attachments GL_ARB_invalidate_subdata GL_ARB_program_interface_query GL_ARB_robust_buffer_access_behavior GL_ARB_shader_image_size GL_ARB_shader_storage_buffer_object GL_ARB_stencil_texturing GL_ARB_texture_query_levels GL_ARB_texture_storage_multisample GL_ARB_texture_view GL_ARB_vertex_attrib_binding GL_KHR_debug GL_ARB_buffer_storage GL_ARB_clear_texture GL_ARB_internalformat_query2 GL_ARB_multi_bind GL_ARB_query_buffer_object GL_ARB_shader_draw_parameters GL_ARB_texture_mirror_clamp_to_edge GL_ARB_texture_stencil8 GL_ARB_vertex_type_10f_11f_11f_rev GL_EXT_shader_integer_mix GL_ARB_clip_control GL_ARB_conditional_render_inverted GL_ARB_cull_distance GL_ARB_derivative_control GL_ARB_get_texture_sub_image GL_ARB_pipeline_statistics_query GL_ARB_shader_texture_image_samples GL_ARB_texture_barrier GL_EXT_polygon_offset_clamp GL_KHR_context_flush_control GL_KHR_robust_buffer_access_behavior GL_ARB_shader_atomic_counter_ops 
08:01:16: Supported GLX extensions: GLX_ARB_create_context GLX_ARB_create_context_profile GLX_ARB_fbconfig_float GLX_ARB_framebuffer_sRGB GLX_ARB_get_proc_address GLX_ARB_multisample GLX_EXT_import_context GLX_EXT_visual_info GLX_EXT_visual_rating GLX_EXT_fbconfig_packed_float GLX_EXT_framebuffer_sRGB GLX_EXT_create_context_es2_profile GLX_EXT_create_context_es_profile GLX_MESA_copy_sub_buffer GLX_MESA_multithread_makecurrent GLX_MESA_query_renderer GLX_MESA_swap_control GLX_OML_swap_method GLX_OML_sync_control GLX_SGI_make_current_read GLX_SGI_swap_control GLX_SGI_video_sync GLX_SGIS_multisample GLX_SGIX_fbconfig GLX_SGIX_pbuffer GLX_SGIX_visual_select_group GLX_EXT_texture_from_pixmap GLX_INTEL_swap_event 
08:01:16: ***************************
08:01:16: *** GL Renderer Started ***
08:01:16: ***************************
08:01:16: Registering ResourceManager for type GpuProgram
08:01:16: GLSL support detected
08:01:16: GL: Using GL_EXT_framebuffer_object for rendering to textures (best)
08:01:16: FBO PF_UNKNOWN depth/stencil support: D0S1 D0S4 D0S8 D0S16 D16S0 D24S0 D32S0 Packed-D24S8 
08:01:16: FBO PF_L8 depth/stencil support: D0S0 D0S1 D0S4 D0S8 D0S16 D16S0 D24S0 D32S0 Packed-D24S8 
08:01:16: FBO PF_L16 depth/stencil support: D0S0 D0S1 D0S4 D0S8 D0S16 D16S0 D24S0 D32S0 Packed-D24S8 
08:01:16: FBO PF_A8 depth/stencil support: D0S0 D0S1 D0S4 D0S8 D0S16 D16S0 D24S0 D32S0 Packed-D24S8 
08:01:16: FBO PF_R5G6B5 depth/stencil support: D0S0 D0S1 D0S4 D0S8 D0S16 D16S0 D24S0 D32S0 Packed-D24S8 
08:01:16: FBO PF_B5G6R5 depth/stencil support: D0S0 D0S1 D0S4 D0S8 D0S16 D16S0 D24S0 D32S0 Packed-D24S8 
08:01:16: FBO PF_A1R5G5B5 depth/stencil support: D0S0 D0S1 D0S4 D0S8 D0S16 D16S0 D24S0 D32S0 Packed-D24S8 
08:01:16: FBO PF_R8G8B8 depth/stencil support: D0S0 D0S1 D0S4 D0S8 D0S16 D16S0 D24S0 D32S0 Packed-D24S8 
08:01:16: FBO PF_B8G8R8 depth/stencil support: D0S0 D0S1 D0S4 D0S8 D0S16 D16S0 D24S0 D32S0 Packed-D24S8 
08:01:16: FBO PF_A8R8G8B8 depth/stencil support: D0S0 D0S1 D0S4 D0S8 D0S16 D16S0 D24S0 D32S0 Packed-D24S8 
08:01:16: FBO PF_B8G8R8A8 depth/stencil support: D0S0 D0S1 D0S4 D0S8 D0S16 D16S0 D24S0 D32S0 Packed-D24S8 
08:01:16: FBO PF_A2R10G10B10 depth/stencil support: D0S0 D0S1 D0S4 D0S8 D0S16 D16S0 D24S0 D32S0 Packed-D24S8 
08:01:16: FBO PF_A2B10G10R10 depth/stencil support: D0S0 D0S1 D0S4 D0S8 D0S16 D16S0 D24S0 D32S0 Packed-D24S8 
08:01:16: FBO PF_FLOAT16_RGB depth/stencil support: D0S0 D0S1 D0S4 D0S8 D0S16 D16S0 D24S0 D32S0 Packed-D24S8 
08:01:16: FBO PF_FLOAT16_RGBA depth/stencil support: D0S0 D0S1 D0S4 D0S8 D0S16 D16S0 D24S0 D32S0 Packed-D24S8 
08:01:16: FBO PF_FLOAT32_RGB depth/stencil support: D0S0 D0S1 D0S4 D0S8 D0S16 D16S0 D24S0 D32S0 Packed-D24S8 
08:01:16: FBO PF_FLOAT32_RGBA depth/stencil support: D0S0 D0S1 D0S4 D0S8 D0S16 D16S0 D24S0 D32S0 Packed-D24S8 
08:01:16: FBO PF_X8R8G8B8 depth/stencil support: D0S0 D0S1 D0S4 D0S8 D0S16 D16S0 D24S0 D32S0 Packed-D24S8 
08:01:16: FBO PF_X8B8G8R8 depth/stencil support: D0S0 D0S1 D0S4 D0S8 D0S16 D16S0 D24S0 D32S0 Packed-D24S8 
08:01:16: FBO PF_SHORT_RGBA depth/stencil support: D0S0 D0S1 D0S4 D0S8 D0S16 D16S0 D24S0 D32S0 Packed-D24S8 
08:01:16: FBO PF_R3G3B2 depth/stencil support: D0S0 D0S1 D0S4 D0S8 D0S16 D16S0 D24S0 D32S0 Packed-D24S8 
08:01:16: FBO PF_FLOAT16_R depth/stencil support: D0S0 D0S1 D0S4 D0S8 D0S16 D16S0 D24S0 D32S0 Packed-D24S8 
08:01:16: FBO PF_FLOAT32_R depth/stencil support: D0S0 D0S1 D0S4 D0S8 D0S16 D16S0 D24S0 D32S0 Packed-D24S8 
08:01:16: [GL] : Valid FBO targets PF_UNKNOWN PF_L8 PF_L16 PF_A8 PF_R5G6B5 PF_B5G6R5 PF_A1R5G5B5 PF_R8G8B8 PF_B8G8R8 PF_A8R8G8B8 PF_B8G8R8A8 PF_A2R10G10B10 PF_A2B10G10R10 PF_FLOAT16_RGB PF_FLOAT16_RGBA PF_FLOAT32_RGB PF_FLOAT32_RGBA PF_X8R8G8B8 PF_X8B8G8R8 PF_SHORT_RGBA PF_R3G3B2 PF_FLOAT16_R PF_FLOAT32_R 
08:01:16: RenderSystem capabilities
08:01:16: -------------------------
08:01:16: RenderSystem Name: OpenGL Rendering Subsystem
08:01:16: GPU Vendor: unknown
08:01:16: Device Name: Gallium 0.4 on NVCE
08:01:16: Driver Version: 3.0.0.0
08:01:16:  * Fixed function pipeline: yes
08:01:16:  * Hardware generation of mipmaps: yes
08:01:16:  * Texture blending: yes
08:01:16:  * Anisotropic texture filtering: yes
08:01:16:  * Dot product texture operation: yes
08:01:16:  * Cube mapping: yes
08:01:16:  * Hardware stencil buffer: yes
08:01:16:    - Stencil depth: 8
08:01:16:    - Two sided stencil support: yes
08:01:16:    - Wrap stencil values: yes
08:01:16:  * Hardware vertex / index buffers: yes
08:01:16:  * 32-bit index buffers: yes
08:01:16:  * Vertex programs: yes
08:01:16:  * Number of floating-point constants for vertex programs: 4096
08:01:16:  * Number of integer constants for vertex programs: 0
08:01:16:  * Number of boolean constants for vertex programs: 0
08:01:16:  * Fragment programs: yes
08:01:16:  * Number of floating-point constants for fragment programs: 4096
08:01:16:  * Number of integer constants for fragment programs: 0
08:01:16:  * Number of boolean constants for fragment programs: 0
08:01:16:  * Geometry programs: no
08:01:16:  * Number of floating-point constants for geometry programs: 0
08:01:16:  * Number of integer constants for geometry programs: 54008
08:01:16:  * Number of boolean constants for geometry programs: 60637
08:01:16:  * Tesselation Hull programs: no
08:01:16:  * Number of floating-point constants for tesselation hull programs: 13880
08:01:16:  * Number of integer constants for tesselation hull programs: 52
08:01:16:  * Number of boolean constants for tesselation hull programs: 0
08:01:16:  * Tesselation Domain programs: no
08:01:16:  * Number of floating-point constants for tesselation domain programs: 0
08:01:16:  * Number of integer constants for tesselation domain programs: 54104
08:01:16:  * Number of boolean constants for tesselation domain programs: 60637
08:01:16:  * Compute programs: no
08:01:16:  * Number of floating-point constants for compute programs: 32767
08:01:16:  * Number of integer constants for compute programs: 0
08:01:16:  * Number of boolean constants for compute programs: 11
08:01:16:  * Supported Shader Profiles: arbfp1 arbvp1 glsl glsl100 glsl110 glsl120 ps_1_1 ps_1_2 ps_1_3 ps_1_4
08:01:16:  * Texture Compression: yes
08:01:16:    - DXT: yes
08:01:16:    - VTC: no
08:01:16:    - PVRTC: no
08:01:16:    - ATC: no
08:01:16:    - ETC1: no
08:01:16:    - ETC2: no
08:01:16:    - BC4/BC5: no
08:01:16:    - BC6H/BC7: no
08:01:16:  * Scissor Rectangle: yes
08:01:16:  * Hardware Occlusion Query: yes
08:01:16:  * User clip planes: yes
08:01:16:  * VET_UBYTE4 vertex element type: yes
08:01:16:  * Infinite far plane projection: yes
08:01:16:  * Hardware render-to-texture: yes
08:01:16:  * Floating point textures: yes
08:01:16:  * Non-power-of-two textures: yes
08:01:16:  * 1d textures: yes
08:01:16:  * Volume textures: yes
08:01:16:  * Multiple Render Targets: 8
08:01:16:    - With different bit depths: yes
08:01:16:  * Point Sprites: yes
08:01:16:  * Extended point parameters: yes
08:01:16:  * Max Point Size: 63.375
08:01:16:  * Vertex texture fetch: yes
08:01:16:  * Number of world matrices: 0
08:01:16:  * Number of texture units: 16
08:01:16:  * Stencil buffer depth: 8
08:01:16:  * Number of vertex blend matrices: 0
08:01:16:    - Max vertex textures: 16
08:01:16:    - Vertex textures shared: yes
08:01:16:  * Render to Vertex Buffer : no
08:01:16:  * Hardware Atomic Counters: no
08:01:16:  * GL 1.5 without VBO workaround: no
08:01:16:  * Frame Buffer objects: yes
08:01:16:  * Frame Buffer objects (ARB extension): no
08:01:16:  * Frame Buffer objects (ATI extension): no
08:01:16:  * PBuffer support: yes
08:01:16:  * GL 1.5 without HW-occlusion workaround: no
08:01:16:  * Vertex Array Objects: no
08:01:16:  * Separate shader objects: no
08:01:16: DefaultWorkQueue('Root') initialising on thread 7fffed6cd700.
08:01:16: DefaultWorkQueue('Root')::WorkerFunc - thread 7fffde934700 starting.
08:01:16: DefaultWorkQueue('Root')::WorkerFunc - thread 7fffde133700 starting.
08:01:16: DefaultWorkQueue('Root')::WorkerFunc - thread 7fffdd932700 starting.
08:01:16: DefaultWorkQueue('Root')::WorkerFunc - thread 7fffdd131700 starting.
08:01:16: DefaultWorkQueue('Root')::WorkerFunc - thread 7fffdc930700 starting.
08:01:16: DefaultWorkQueue('Root')::WorkerFunc - thread 7fffc7fff700 starting.
08:01:16: DefaultWorkQueue('Root')::WorkerFunc - thread 7fffbf7fe700 starting.
08:01:16: DefaultWorkQueue('Root')::WorkerFunc - thread 7fffc77fe700 starting.
08:01:16: Particle Renderer Type 'billboard' registered
08:01:16: SceneManagerFactory for type 'BspSceneManager' registered.
08:01:16: Registering ResourceManager for type BspLevel
08:01:16: SceneManagerFactory for type 'PCZSceneManager' registered.
08:01:16: MovableObjectFactory for type 'PCZLight' registered.
08:01:16: MovableObjectFactory for type 'Portal' registered.
08:01:16: MovableObjectFactory for type 'AntiPortal' registered.
08:01:16: PCZone Factory Type 'ZoneType_Octree' registered
08:01:16: SceneManagerFactory for type 'OctreeSceneManager' registered.
08:01:16: OverlayElementFactory for type Panel registered.
08:01:16: OverlayElementFactory for type BorderPanel registered.
08:01:16: OverlayElementFactory for type TextArea registered.
08:01:16: Registering ResourceManager for type Font
08:01:16: Parsing scripts for resource group Autodetect
08:01:16: Finished parsing scripts for resource group Autodetect
08:01:16: Creating resources for group Autodetect
08:01:16: All done
08:01:16: Parsing scripts for resource group Essential
08:01:16: Parsing script StdQuad_vp.program
08:01:16: Parsing script Examples.program
08:01:16: Parsing script Tiling.material
08:01:16: Parsing script RadialBlur.material
08:01:16: Parsing script RZR-002.material
08:01:16: Parsing script Glass.material
08:01:16: Parsing script cvn68.material
08:01:16: Parsing script Examples-Advanced.material
08:01:16: Parsing script f1Overlay.material
08:01:16: Parsing script MotionBlur.material
08:01:16: Parsing script sleek.material
08:01:16: Parsing script Laplace.material
08:01:16: Parsing script OffsetMapping.material
08:01:16: Parsing script SharpenEdges.material
08:01:16: Parsing script VarianceShadowmap.material
08:01:16: Parsing script Scene.material
08:01:16: Parsing script Bloom2.material
08:01:16: Parsing script IsoSurf.material
08:01:16: Parsing script instancing.material
08:01:16: Parsing script hdr.material
08:01:16: Parsing script Bloom.material
08:01:16: Parsing script rmenu.material
08:01:16: Parsing script missile.material
08:01:16: Compiler error: unknown error in missile.material(7): token "59.4555039496997," is not recognized
08:01:16: Parsing script pssm.material
08:01:16: Parsing script ddg51.material
08:01:16: Parsing script NightVision.material
08:01:16: Parsing script GLSLSwizzle.material
08:01:16: Parsing script CGSwizzle.material
08:01:16: Parsing script ASMSwizzle.material
08:01:16: Compiler error: object unsupported by render system in ASMSwizzle.material(1): , Shader name: Ogre/GPTest/Swizzle_GP_ASM
08:01:16: Parsing script Embossed.material
08:01:16: Parsing script button.material
08:01:16: Parsing script ParticleGS.material
08:01:16: OGRE EXCEPTION(7:InternalErrorException): Unable to compile Cg program Ogre/ParticleGS/DisplayPS: The compile returned an error.
(647) : fatal error C9999: unexpected cast operation
 in CgProgram::compileMicrocode at /home/daniel/ogre/PlugIns/CgProgramManager/src/OgreCgProgramManagerDll.cpp (line 67)
08:01:16: High-level program Ogre/ParticleGS/DisplayPS encountered an error during loading and is thus not supported.
OGRE EXCEPTION(7:InternalErrorException): Unable to compile Cg program Ogre/ParticleGS/DisplayPS: The compile returned an error.
(647) : fatal error C9999: unexpected cast operation
 in CgProgram::compileMicrocode at /home/daniel/ogre/PlugIns/CgProgramManager/src/OgreCgProgramManagerDll.cpp (line 67)
08:01:16: Parsing script boat.material
08:01:16: Parsing script DepthShadowmap.material
08:01:16: Parsing script smoke.material
08:01:16: Parsing script drone.material
08:01:16: Parsing script Example-Water.material
08:01:16: Parsing script DOF.material
08:01:16: Parsing script MRTtest.material
08:01:16: Parsing script Debug.material
08:01:16: Parsing script OldMovie.material
08:01:16: Parsing script alienship.material
08:01:16: Compiler error: unknown error in alienship.material(90): token "1.0," is not recognized
08:01:16: Parsing script cursor.material
08:01:16: Parsing script HeatVision.material
08:01:16: Parsing script ASCII.material
08:01:16: Parsing script OldTV.material
08:01:16: Parsing script Example-DynTex.material
08:01:16: Parsing script Dither.material
08:01:16: Parsing script ui.material
08:01:16: Parsing script Halftone.material
08:01:16: Parsing script sailboat.material
08:01:16: Compiler error: unknown error in sailboat.material(87): token "60.0," is not recognized
08:01:16: Parsing script facial.material
08:01:16: Parsing script Example.material
08:01:16: OGRE EXCEPTION(2:InvalidParametersException): Parameter called camObjPos does not exist.  in GpuProgramParameters::_findNamedConstantDefinition at /home/daniel/ogre/OgreMain/src/OgreGpuProgramParams.cpp (line 1727)
08:01:16: Compiler error: invalid parameters in Example.material(762): setting of constant failed
08:01:16: Parsing script BlackAndWhite.material
08:01:16: Parsing script wake.material
08:01:16: Parsing script cigarette.material
08:01:16: Parsing script Ogre.material
08:01:16: Parsing script Invert.material
08:01:16: Parsing script Posterize.material
08:01:16: Parsing script banshee.material
08:01:16: Parsing script shipInfo.material
08:01:16: Parsing script Hurt.material
08:01:16: Parsing script OgreOcean.material
08:01:16: Parsing script Armory.material
08:01:16: Parsing script EngineeringBay.material
08:01:16: Parsing script ship.material
08:01:16: Compiler error: unknown error in ship.material(147): token "36.0," is not recognized
08:01:16: Compiler error: unknown error in ship.material(162): token "96.0," is not recognized
08:01:16: Parsing script scv.material
08:01:16: Compiler error: unknown error in scv.material(27): token "138.582677165354," is not recognized
08:01:16: Compiler error: unknown error in scv.material(145): token "120.0," is not recognized
08:01:16: Parsing script sciencevessel.material
08:01:16: Parsing script SupplyDepot.material
08:01:16: Parsing script Turret.material
08:01:16: Parsing script explosion.material
08:01:16: Parsing script BuildingWidget.material
08:01:16: Parsing script BuildingConstruction.material
08:01:16: Parsing script ghost.material
08:01:16: Parsing script wraith.material
08:01:16: Compiler error: unknown error in wraith.material(87): token "202.474690663667," is not recognized
08:01:16: Compiler error: unknown error in wraith.material(102): token "354.330708661417," is not recognized
08:01:16: Compiler error: unknown error in wraith.material(117): token "629.92125984252," is not recognized
08:01:16: Compiler error: unknown error in wraith.material(132): token "4.0," is not recognized
08:01:16: Compiler error: unknown error in wraith.material(147): token "154.321684001534," is not recognized
08:01:16: Compiler error: unknown error in wraith.material(162): token "265.729495677447," is not recognized
08:01:16: Compiler error: unknown error in wraith.material(177): token "236.220472440945," is not recognized
08:01:16: Compiler error: unknown error in wraith.material(192): token "472.44094488189," is not recognized
08:01:16: Compiler error: unknown error in wraith.material(207): token "354.330708661417," is not recognized
08:01:16: Compiler error: unknown error in wraith.material(222): token "669.291338582677," is not recognized
08:01:16: Compiler error: unknown error in wraith.material(237): token "669.291338582677," is not recognized
08:01:16: Compiler error: unknown error in wraith.material(252): token "47.244094488189," is not recognized
08:01:16: Parsing script Barracks.material
08:01:16: Parsing script Crystal.material
08:01:16: Parsing script Colors.material
08:01:16: Parsing script CommandCenter.material
08:01:16: Parsing script dropship.material
08:01:16: Compiler error: unknown error in dropship.material(87): token "1.0," is not recognized
08:01:16: Compiler error: unknown error in dropship.material(112): token "1.0," is not recognized
08:01:16: Compiler error: unknown error in dropship.material(127): token "1.0," is not recognized
08:01:16: Compiler error: unknown error in dropship.material(142): token "1.0," is not recognized
08:01:16: Parsing script flash.material
08:01:16: Parsing script battlecruiser.material
08:01:16: Compiler error: unknown error in battlecruiser.material(110): token "1.0," is not recognized
08:01:16: Compiler error: unknown error in battlecruiser.material(125): token "5.11811023622047," is not recognized
08:01:16: Compiler error: unknown error in battlecruiser.material(206): token "0.25," is not recognized
08:01:16: Compiler error: unknown error in battlecruiser.material(341): token "25.2153191071213," is not recognized
08:01:16: Compiler error: unknown error in battlecruiser.material(356): token "76.111850132326," is not recognized
08:01:16: Compiler error: unknown error in battlecruiser.material(447): token "6.0," is not recognized
08:01:16: Parsing script Port.material
08:01:16: Parsing script Factory.material
08:01:16: Parsing script valkyrie.material
08:01:16: Compiler error: unknown error in valkyrie.material(123): token "12.0," is not recognized
08:01:16: Compiler error: unknown error in valkyrie.material(141): token "12.0," is not recognized
08:01:16: Compiler error: unknown error in valkyrie.material(176): token "644.907541102975," is not recognized
08:01:16: Compiler error: unknown error in valkyrie.material(201): token "4.0," is not recognized
08:01:16: Parsing script ResearchFacility.material
08:01:16: Parsing script Refinery.material
08:01:16: Parsing script buildingOverlay.material
08:01:16: Parsing script FESdkTrays.material
08:01:16: Compiler error: unknown error in FESdkTrays.material(1): base object named "SdkTrays/Base" not found in script definition
08:01:16: Parsing script explosion2.material
08:01:16: OGRE EXCEPTION(6:FileNotFoundException): Cannot locate resource explode_fp.glsl in resource group Essential or any other group. in ResourceGroupManager::openResource at /home/daniel/ogre/OgreMain/src/OgreResourceGroupManager.cpp (line 756)
08:01:16: High-level program explodeFragmentProgramGLSL encountered an error during loading and is thus not supported.
OGRE EXCEPTION(6:FileNotFoundException): Cannot locate resource explode_fp.glsl in resource group Essential or any other group. in ResourceGroupManager::openResource at /home/daniel/ogre/OgreMain/src/OgreResourceGroupManager.cpp (line 756)
08:01:16: OGRE EXCEPTION(2:InvalidParametersException): Named constants have not been initialised, perhaps a compile error. in GpuProgramParameters::_findNamedConstantDefinition at /home/daniel/ogre/OgreMain/src/OgreGpuProgramParams.cpp (line 1709)
08:01:16: Compiler error: invalid parameters in explosion2.material(31): setting of constant failed
08:01:16: OGRE EXCEPTION(6:FileNotFoundException): Cannot locate resource explode_vp.glsl in resource group Essential or any other group. in ResourceGroupManager::openResource at /home/daniel/ogre/OgreMain/src/OgreResourceGroupManager.cpp (line 756)
08:01:16: High-level program explodeVertexProgramGLSL encountered an error during loading and is thus not supported.
OGRE EXCEPTION(6:FileNotFoundException): Cannot locate resource explode_vp.glsl in resource group Essential or any other group. in ResourceGroupManager::openResource at /home/daniel/ogre/OgreMain/src/OgreResourceGroupManager.cpp (line 756)
08:01:16: OGRE EXCEPTION(2:InvalidParametersException): Named constants have not been initialised, perhaps a compile error. in GpuProgramParameters::_findNamedConstantDefinition at /home/daniel/ogre/OgreMain/src/OgreGpuProgramParams.cpp (line 1709)
08:01:16: Compiler error: invalid parameters in explosion2.material(53): setting of constant failed
08:01:16: Parsing script Terrain.material
08:01:16: Parsing script Mineral.material
08:01:16: Parsing script medic.material
08:01:16: Compiler error: unknown error in medic.material(73): token "9.84251968503937," is not recognized
08:01:16: Compiler error: unknown error in medic.material(91): token "96.0," is not recognized
08:01:16: Compiler error: unknown error in medic.material(106): token "314.96062992126," is not recognized
08:01:16: Parsing script land.material
08:01:16: Parsing script Panels.material
08:01:16: Parsing script Oil.material
08:01:16: Parsing script Academy.material
08:01:16: Parsing script Bunker.material
08:01:16: Parsing script SdkTrays.material
08:01:16: Parsing script explosion.particle
08:01:16: Parsing script Examples.compositor
08:01:16: Parsing script SdkTrays.fontdef
08:01:16: Parsing script FESdkTrays.overlay
08:01:16: Texture: FE_Logo.png: Loading 1 faces(PF_A8R8G8B8,454x167x1) with 5 hardware generated mipmaps from Image. Internal format is PF_A8R8G8B8,454x167x1.
08:01:16: Parsing script SdkTrays.overlay
08:01:16: Texture: sdk_cursor.png: Loading 1 faces(PF_A8R8G8B8,32x32x1) with 5 hardware generated mipmaps from Image. Internal format is PF_A8R8G8B8,32x32x1.
08:01:16: Texture: sdk_tray.png: Loading 1 faces(PF_A8R8G8B8,64x64x1) with 5 hardware generated mipmaps from Image. Internal format is PF_A8R8G8B8,64x64x1.
08:01:16: Texture: sdk_button_up.png: Loading 1 faces(PF_A8R8G8B8,128x32x1) with 5 hardware generated mipmaps from Image. Internal format is PF_A8R8G8B8,128x32x1.
08:01:16: Texture: sdk_text_box.png: Loading 1 faces(PF_A8R8G8B8,32x32x1) with 5 hardware generated mipmaps from Image. Internal format is PF_A8R8G8B8,32x32x1.
08:01:16: Texture: sdk_mini_tray.png: Loading 1 faces(PF_A8R8G8B8,32x32x1) with 5 hardware generated mipmaps from Image. Internal format is PF_A8R8G8B8,32x32x1.
08:01:16: Texture: sdk_track.png: Loading 1 faces(PF_A8R8G8B8,16x32x1) with 5 hardware generated mipmaps from Image. Internal format is PF_A8R8G8B8,16x32x1.
08:01:16: Texture: sdk_handle.png: Loading 1 faces(PF_A8R8G8B8,16x16x1) with 4 hardware generated mipmaps from Image. Internal format is PF_A8R8G8B8,16x16x1.
08:01:16: Texture: sdk_mini_text_box.png: Loading 1 faces(PF_A8R8G8B8,32x32x1) with 5 hardware generated mipmaps from Image. Internal format is PF_A8R8G8B8,32x32x1.
08:01:16: Texture: sdk_label.png: Loading 1 faces(PF_A8R8G8B8,32x32x1) with 5 hardware generated mipmaps from Image. Internal format is PF_A8R8G8B8,32x32x1.
08:01:16: Texture: sdk_separator.png: Loading 1 faces(PF_A8R8G8B8,64x16x1) with 5 hardware generated mipmaps from Image. Internal format is PF_A8R8G8B8,64x16x1.
08:01:16: Texture: sdk_logo.png: Loading 1 faces(PF_A8R8G8B8,128x64x1) with 5 hardware generated mipmaps from Image. Internal format is PF_A8R8G8B8,128x64x1.
08:01:16: Texture: sdk_shade.png: Loading 1 faces(PF_A8R8G8B8,64x48x1) with 5 hardware generated mipmaps from Image. Internal format is PF_A8R8G8B8,64x48x1.
08:01:16: Texture: sdk_frame.png: Loading 1 faces(PF_A8R8G8B8,32x32x1) with 5 hardware generated mipmaps from Image. Internal format is PF_A8R8G8B8,32x32x1.
08:01:16: Texture: sdk_mini_text_box_over.png: Loading 1 faces(PF_A8R8G8B8,32x32x1) with 5 hardware generated mipmaps from Image. Internal format is PF_A8R8G8B8,32x32x1.
08:01:16: Texture: sdk_pulse.png: Loading 1 faces(PF_R8G8B8,8x1x1) with 3 hardware generated mipmaps from Image. Internal format is PF_X8R8G8B8,8x1x1.
08:01:16: Finished parsing scripts for resource group Essential
08:01:16: Creating resources for group Essential
08:01:16: All done
08:01:16: Parsing scripts for resource group General
08:01:16: Finished parsing scripts for resource group General
08:01:16: Creating resources for group General
08:01:16: All done
08:01:16: Parsing scripts for resource group Internal
08:01:16: Finished parsing scripts for resource group Internal
08:01:16: Creating resources for group Internal
08:01:16: All done
08:01:16: Parsing scripts for resource group Popular
08:01:16: Parsing script StdQuad_vp.program
08:01:16: Parsing script Instancing.program
08:01:16: Parsing script DualQuaternion.program
08:01:16: OGRE EXCEPTION(6:FileNotFoundException): Cannot locate resource DualQuaternion.cg in resource group Popular or any other group. in ResourceGroupManager::openResource at /home/daniel/ogre/OgreMain/src/OgreResourceGroupManager.cpp (line 756)
08:01:16: High-level program Ogre/DualQuaternionHardwareSkinningTwoWeightsCg encountered an error during loading and is thus not supported.
OGRE EXCEPTION(6:FileNotFoundException): Cannot locate resource DualQuaternion.cg in resource group Popular or any other group. in ResourceGroupManager::openResource at /home/daniel/ogre/OgreMain/src/OgreResourceGroupManager.cpp (line 756)
08:01:16: OGRE EXCEPTION(2:InvalidParametersException): Named constants have not been initialised, perhaps a compile error. in GpuProgramParameters::_findNamedConstantDefinition at /home/daniel/ogre/OgreMain/src/OgreGpuProgramParams.cpp (line 1709)
08:01:16: Compiler error: invalid parameters in DualQuaternion.program(14): setting of constant failed
08:01:16: OGRE EXCEPTION(6:FileNotFoundException): Cannot locate resource DualQuaternion.cg in resource group Popular or any other group. in ResourceGroupManager::openResource at /home/daniel/ogre/OgreMain/src/OgreResourceGroupManager.cpp (line 756)
08:01:16: High-level program Ogre/DualQuaternionHardwareSkinningTwoWeightsTwoPhaseCg encountered an error during loading and is thus not supported.
OGRE EXCEPTION(6:FileNotFoundException): Cannot locate resource DualQuaternion.cg in resource group Popular or any other group. in ResourceGroupManager::openResource at /home/daniel/ogre/OgreMain/src/OgreResourceGroupManager.cpp (line 756)
08:01:16: OGRE EXCEPTION(2:InvalidParametersException): Named constants have not been initialised, perhaps a compile error. in GpuProgramParameters::_findNamedConstantDefinition at /home/daniel/ogre/OgreMain/src/OgreGpuProgramParams.cpp (line 1709)
08:01:16: Compiler error: invalid parameters in DualQuaternion.program(28): setting of constant failed
08:01:16: Parsing script Examples.program
08:01:16: OGRE EXCEPTION(2:InvalidParametersException): Parameter called ambient does not exist.  in GpuProgramParameters::_findNamedConstantDefinition at /home/daniel/ogre/OgreMain/src/OgreGpuProgramParams.cpp (line 1727)
08:01:16: Compiler error: invalid parameters in Examples.program(307): setting of constant failed
08:01:16: OGRE EXCEPTION(2:InvalidParametersException): Parameter called diffuse does not exist.  in GpuProgramParameters::_findNamedConstantDefinition at /home/daniel/ogre/OgreMain/src/OgreGpuProgramParams.cpp (line 1727)
08:01:16: Compiler error: invalid parameters in Examples.program(308): setting of constant failed
08:01:16: OGRE EXCEPTION(7:InternalErrorException): Unable to compile Cg program Ogre/HardwareMorphAnimationWithNormalsCg: The compile returned an error.
(0) : error C3001: no program defined
 in CgProgram::compileMicrocode at /home/daniel/ogre/PlugIns/CgProgramManager/src/OgreCgProgramManagerDll.cpp (line 67)
08:01:16: High-level program Ogre/HardwareMorphAnimationWithNormalsCg encountered an error during loading and is thus not supported.
OGRE EXCEPTION(7:InternalErrorException): Unable to compile Cg program Ogre/HardwareMorphAnimationWithNormalsCg: The compile returned an error.
(0) : error C3001: no program defined
 in CgProgram::compileMicrocode at /home/daniel/ogre/PlugIns/CgProgramManager/src/OgreCgProgramManagerDll.cpp (line 67)
08:01:16: OGRE EXCEPTION(2:InvalidParametersException): Named constants have not been initialised, perhaps a compile error. in GpuProgramParameters::_findNamedConstantDefinition at /home/daniel/ogre/OgreMain/src/OgreGpuProgramParams.cpp (line 1709)
08:01:16: Compiler error: invalid parameters in Examples.program(439): setting of constant failed
08:01:16: OGRE EXCEPTION(2:InvalidParametersException): Named constants have not been initialised, perhaps a compile error. in GpuProgramParameters::_findNamedConstantDefinition at /home/daniel/ogre/OgreMain/src/OgreGpuProgramParams.cpp (line 1709)
08:01:16: Compiler error: invalid parameters in Examples.program(440): setting of constant failed
08:01:16: OGRE EXCEPTION(2:InvalidParametersException): Named constants have not been initialised, perhaps a compile error. in GpuProgramParameters::_findNamedConstantDefinition at /home/daniel/ogre/OgreMain/src/OgreGpuProgramParams.cpp (line 1709)
08:01:16: Compiler error: invalid parameters in Examples.program(441): setting of constant failed
08:01:16: OGRE EXCEPTION(2:InvalidParametersException): Named constants have not been initialised, perhaps a compile error. in GpuProgramParameters::_findNamedConstantDefinition at /home/daniel/ogre/OgreMain/src/OgreGpuProgramParams.cpp (line 1709)
08:01:16: Compiler error: invalid parameters in Examples.program(442): setting of constant failed
08:01:16: OGRE EXCEPTION(7:InternalErrorException): Unable to compile Cg program Ogre/HardwarePoseAnimationWithNormalsCg: The compile returned an error.
(0) : error C3001: no program defined
 in CgProgram::compileMicrocode at /home/daniel/ogre/PlugIns/CgProgramManager/src/OgreCgProgramManagerDll.cpp (line 67)
08:01:16: High-level program Ogre/HardwarePoseAnimationWithNormalsCg encountered an error during loading and is thus not supported.
OGRE EXCEPTION(7:InternalErrorException): Unable to compile Cg program Ogre/HardwarePoseAnimationWithNormalsCg: The compile returned an error.
(0) : error C3001: no program defined
 in CgProgram::compileMicrocode at /home/daniel/ogre/PlugIns/CgProgramManager/src/OgreCgProgramManagerDll.cpp (line 67)
08:01:16: OGRE EXCEPTION(2:InvalidParametersException): Named constants have not been initialised, perhaps a compile error. in GpuProgramParameters::_findNamedConstantDefinition at /home/daniel/ogre/OgreMain/src/OgreGpuProgramParams.cpp (line 1709)
08:01:16: Compiler error: invalid parameters in Examples.program(492): setting of constant failed
08:01:16: OGRE EXCEPTION(2:InvalidParametersException): Named constants have not been initialised, perhaps a compile error. in GpuProgramParameters::_findNamedConstantDefinition at /home/daniel/ogre/OgreMain/src/OgreGpuProgramParams.cpp (line 1709)
08:01:16: Compiler error: invalid parameters in Examples.program(493): setting of constant failed
08:01:16: OGRE EXCEPTION(2:InvalidParametersException): Named constants have not been initialised, perhaps a compile error. in GpuProgramParameters::_findNamedConstantDefinition at /home/daniel/ogre/OgreMain/src/OgreGpuProgramParams.cpp (line 1709)
08:01:16: Compiler error: invalid parameters in Examples.program(494): setting of constant failed
08:01:16: OGRE EXCEPTION(2:InvalidParametersException): Named constants have not been initialised, perhaps a compile error. in GpuProgramParameters::_findNamedConstantDefinition at /home/daniel/ogre/OgreMain/src/OgreGpuProgramParams.cpp (line 1709)
08:01:16: Compiler error: invalid parameters in Examples.program(495): setting of constant failed
08:01:16: Parsing script deferred_post.program
08:01:16: Parsing script ShadowCaster.program
08:01:16: Parsing script Tiling.material
08:01:16: OGRE EXCEPTION(2:InvalidParametersException): Parameter called Threshold does not exist.  in GpuProgramParameters::_findNamedConstantDefinition at /home/daniel/ogre/OgreMain/src/OgreGpuProgramParams.cpp (line 1727)
08:01:16: Compiler error: invalid parameters in Tiling.material(46): setting of constant failed
08:01:16: Parsing script AdaptivePNTrianglesTessellation.material
08:01:16: Parsing script RadialBlur.material
08:01:16: Parsing script RZR-002.material
08:01:16: Parsing script Glass.material
08:01:16: Parsing script Examples-Advanced.material
08:01:16: Compiler error: object unsupported by render system in Examples-Advanced.material(1027): , Shader name: Examples/TextureArrayPSasm
08:01:16: Parsing script MotionBlur.material
08:01:16: Parsing script RasterizationOrder.material
08:01:16: Parsing script Laplace.material
08:01:16: Parsing script OffsetMapping.material
08:01:16: Parsing script SharpenEdges.material
08:01:16: Parsing script VarianceShadowmap.material
08:01:16: Parsing script Bloom2.material
08:01:16: Parsing script IsoSurf.material
08:01:16: OGRE EXCEPTION(7:InternalErrorException): Unable to compile Cg program Ogre/IsoSurf/SampleFieldVS_CG: The compile returned an error.
(0) : error C3001: no program defined
 in CgProgram::compileMicrocode at /home/daniel/ogre/PlugIns/CgProgramManager/src/OgreCgProgramManagerDll.cpp (line 67)
08:01:16: High-level program Ogre/IsoSurf/SampleFieldVS_CG encountered an error during loading and is thus not supported.
OGRE EXCEPTION(7:InternalErrorException): Unable to compile Cg program Ogre/IsoSurf/SampleFieldVS_CG: The compile returned an error.
(0) : error C3001: no program defined
 in CgProgram::compileMicrocode at /home/daniel/ogre/PlugIns/CgProgramManager/src/OgreCgProgramManagerDll.cpp (line 67)
08:01:16: OGRE EXCEPTION(2:InvalidParametersException): Named constants have not been initialised, perhaps a compile error. in GpuProgramParameters::_findNamedConstantDefinition at /home/daniel/ogre/OgreMain/src/OgreGpuProgramParams.cpp (line 1709)
08:01:16: Compiler error: invalid parameters in IsoSurf.material(49): setting of constant failed
08:01:16: OGRE EXCEPTION(2:InvalidParametersException): Named constants have not been initialised, perhaps a compile error. in GpuProgramParameters::_findNamedConstantDefinition at /home/daniel/ogre/OgreMain/src/OgreGpuProgramParams.cpp (line 1709)
08:01:16: Compiler error: invalid parameters in IsoSurf.material(50): setting of constant failed
08:01:16: OGRE EXCEPTION(2:InvalidParametersException): Named constants have not been initialised, perhaps a compile error. in GpuProgramParameters::_findNamedConstantDefinition at /home/daniel/ogre/OgreMain/src/OgreGpuProgramParams.cpp (line 1709)
08:01:16: Compiler error: invalid parameters in IsoSurf.material(51): setting of constant failed
08:01:16: OGRE EXCEPTION(7:InternalErrorException): Unable to compile Cg program Ogre/IsoSurf/MetaballPS_CG: The compile returned an error.
(0) : error C3001: no program defined
 in CgProgram::compileMicrocode at /home/daniel/ogre/PlugIns/CgProgramManager/src/OgreCgProgramManagerDll.cpp (line 67)
08:01:16: High-level program Ogre/IsoSurf/MetaballPS_CG encountered an error during loading and is thus not supported.
OGRE EXCEPTION(7:InternalErrorException): Unable to compile Cg program Ogre/IsoSurf/MetaballPS_CG: The compile returned an error.
(0) : error C3001: no program defined
 in CgProgram::compileMicrocode at /home/daniel/ogre/PlugIns/CgProgramManager/src/OgreCgProgramManagerDll.cpp (line 67)
08:01:16: Parsing script instancing.material
08:01:16: Parsing script hdr.material
08:01:16: Parsing script Bloom.material
08:01:16: Parsing script pssm.material
08:01:16: Parsing script sibenik.material
08:01:16: Parsing script Penguin.material
08:01:16: Parsing script NightVision.material
08:01:16: Parsing script GLSLSwizzle.material
08:01:16: Parsing script Examples-Water.material
08:01:16: Parsing script CGSwizzle.material
08:01:16: Parsing script HW_VTFInstancing.material
08:01:16: Parsing script ShaderSystem.material
08:01:16: Parsing script ASMSwizzle.material
08:01:16: Compiler error: object unsupported by render system in ASMSwizzle.material(1): , Shader name: Ogre/GPTest/Swizzle_GP_ASM
08:01:16: Parsing script Embossed.material
08:01:16: Parsing script HW_VTF_LUTInstancing.material
08:01:16: Parsing script Ocean.material
08:01:16: OGRE EXCEPTION(2:InvalidParametersException): Parameter called worldViewProj does not exist.  in GpuProgramParameters::_findNamedConstantDefinition at /home/daniel/ogre/OgreMain/src/OgreGpuProgramParams.cpp (line 1727)
08:01:16: Compiler error: invalid parameters in Ocean.material(488): setting of constant failed
08:01:16: Parsing script ParticleGS.material
08:01:16: Parsing script DepthShadowmap.material
08:01:16: Parsing script smoke.material
08:01:16: Parsing script Example-Water.material
08:01:16: Parsing script DOF.material
08:01:16: Parsing script MRTtest.material
08:01:16: Parsing script Examples.material
08:01:16: OGRE EXCEPTION(7:InternalErrorException): Unable to compile Cg program Examples/GrassWaverFpCg: The compile returned an error.
(0) : error C3001: no program defined
 in CgProgram::compileMicrocode at /home/daniel/ogre/PlugIns/CgProgramManager/src/OgreCgProgramManagerDll.cpp (line 67)
08:01:16: High-level program Examples/GrassWaverFpCg encountered an error during loading and is thus not supported.
OGRE EXCEPTION(7:InternalErrorException): Unable to compile Cg program Examples/GrassWaverFpCg: The compile returned an error.
(0) : error C3001: no program defined
 in CgProgram::compileMicrocode at /home/daniel/ogre/PlugIns/CgProgramManager/src/OgreCgProgramManagerDll.cpp (line 67)
08:01:16: Parsing script InstancingMisc.material
08:01:16: Parsing script OldMovie.material
08:01:16: Parsing script VTFInstancing.material
08:01:16: Parsing script HeatVision.material
08:01:16: Parsing script ASCII.material
08:01:16: Parsing script OldTV.material
08:01:16: Parsing script Dither.material
08:01:16: Parsing script Tesselation.material
08:01:16: Parsing script Halftone.material
08:01:16: Parsing script facial.material
08:01:16: Parsing script ShaderInstancing.material
08:01:16: Parsing script BlackAndWhite.material
08:01:16: Parsing script Ogre.material
08:01:16: Parsing script Invert.material
08:01:16: Parsing script CompositorDemo.material
08:01:16: Parsing script shadows.material
08:01:16: OGRE EXCEPTION(6:FileNotFoundException): Cannot locate resource depthshadowobject.cg in resource group Popular or any other group. in ResourceGroupManager::openResource at /home/daniel/ogre/OgreMain/src/OgreResourceGroupManager.cpp (line 756)
08:01:16: High-level program Ogre/shadow/caster/depth/vpCg encountered an error during loading and is thus not supported.
OGRE EXCEPTION(6:FileNotFoundException): Cannot locate resource depthshadowobject.cg in resource group Popular or any other group. in ResourceGroupManager::openResource at /home/daniel/ogre/OgreMain/src/OgreResourceGroupManager.cpp (line 756)
08:01:16: OGRE EXCEPTION(2:InvalidParametersException): Named constants have not been initialised, perhaps a compile error. in GpuProgramParameters::_findNamedConstantDefinition at /home/daniel/ogre/OgreMain/src/OgreGpuProgramParams.cpp (line 1709)
08:01:16: Compiler error: invalid parameters in shadows.material(12): setting of constant failed
08:01:16: OGRE EXCEPTION(2:InvalidParametersException): Named constants have not been initialised, perhaps a compile error. in GpuProgramParameters::_findNamedConstantDefinition at /home/daniel/ogre/OgreMain/src/OgreGpuProgramParams.cpp (line 1709)
08:01:16: Compiler error: invalid parameters in shadows.material(13): setting of constant failed
08:01:16: OGRE EXCEPTION(6:FileNotFoundException): Cannot locate resource depthshadowobject.cg in resource group Popular or any other group. in ResourceGroupManager::openResource at /home/daniel/ogre/OgreMain/src/OgreResourceGroupManager.cpp (line 756)
08:01:16: High-level program Ogre/shadow/caster/depth/fpCg encountered an error during loading and is thus not supported.
OGRE EXCEPTION(6:FileNotFoundException): Cannot locate resource depthshadowobject.cg in resource group Popular or any other group. in ResourceGroupManager::openResource at /home/daniel/ogre/OgreMain/src/OgreResourceGroupManager.cpp (line 756)
08:01:16: OGRE EXCEPTION(6:FileNotFoundException): Cannot locate resource depthshadowobject.cg in resource group Popular or any other group. in ResourceGroupManager::openResource at /home/daniel/ogre/OgreMain/src/OgreResourceGroupManager.cpp (line 756)
08:01:16: High-level program Ogre/shadow/receiver/depth/pssm3/vpCg encountered an error during loading and is thus not supported.
OGRE EXCEPTION(6:FileNotFoundException): Cannot locate resource depthshadowobject.cg in resource group Popular or any other group. in ResourceGroupManager::openResource at /home/daniel/ogre/OgreMain/src/OgreResourceGroupManager.cpp (line 756)
08:01:16: OGRE EXCEPTION(2:InvalidParametersException): Named constants have not been initialised, perhaps a compile error. in GpuProgramParameters::_findNamedConstantDefinition at /home/daniel/ogre/OgreMain/src/OgreGpuProgramParams.cpp (line 1709)
08:01:16: Compiler error: invalid parameters in shadows.material(38): setting of constant failed
08:01:16: OGRE EXCEPTION(2:InvalidParametersException): Named constants have not been initialised, perhaps a compile error. in GpuProgramParameters::_findNamedConstantDefinition at /home/daniel/ogre/OgreMain/src/OgreGpuProgramParams.cpp (line 1709)
08:01:16: Compiler error: invalid parameters in shadows.material(39): setting of constant failed
08:01:16: OGRE EXCEPTION(2:InvalidParametersException): Named constants have not been initialised, perhaps a compile error. in GpuProgramParameters::_findNamedConstantDefinition at /home/daniel/ogre/OgreMain/src/OgreGpuProgramParams.cpp (line 1709)
08:01:16: Compiler error: invalid parameters in shadows.material(40): setting of constant failed
08:01:16: OGRE EXCEPTION(2:InvalidParametersException): Named constants have not been initialised, perhaps a compile error. in GpuProgramParameters::_findNamedConstantDefinition at /home/daniel/ogre/OgreMain/src/OgreGpuProgramParams.cpp (line 1709)
08:01:16: Compiler error: invalid parameters in shadows.material(41): setting of constant failed
08:01:16: OGRE EXCEPTION(2:InvalidParametersException): Named constants have not been initialised, perhaps a compile error. in GpuProgramParameters::_findNamedConstantDefinition at /home/daniel/ogre/OgreMain/src/OgreGpuProgramParams.cpp (line 1709)
08:01:16: Compiler error: invalid parameters in shadows.material(42): setting of constant failed
08:01:16: OGRE EXCEPTION(2:InvalidParametersException): Named constants have not been initialised, perhaps a compile error. in GpuProgramParameters::_findNamedConstantDefinition at /home/daniel/ogre/OgreMain/src/OgreGpuProgramParams.cpp (line 1709)
08:01:16: Compiler error: invalid parameters in shadows.material(43): setting of constant failed
08:01:16: OGRE EXCEPTION(2:InvalidParametersException): Named constants have not been initialised, perhaps a compile error. in GpuProgramParameters::_findNamedConstantDefinition at /home/daniel/ogre/OgreMain/src/OgreGpuProgramParams.cpp (line 1709)
08:01:16: Compiler error: invalid parameters in shadows.material(45): setting of constant failed
08:01:16: OGRE EXCEPTION(2:InvalidParametersException): Named constants have not been initialised, perhaps a compile error. in GpuProgramParameters::_findNamedConstantDefinition at /home/daniel/ogre/OgreMain/src/OgreGpuProgramParams.cpp (line 1709)
08:01:16: Compiler error: invalid parameters in shadows.material(46): setting of constant failed
08:01:16: OGRE EXCEPTION(2:InvalidParametersException): Named constants have not been initialised, perhaps a compile error. in GpuProgramParameters::_findNamedConstantDefinition at /home/daniel/ogre/OgreMain/src/OgreGpuProgramParams.cpp (line 1709)
08:01:16: Compiler error: invalid parameters in shadows.material(47): setting of constant failed
08:01:16: OGRE EXCEPTION(6:FileNotFoundException): Cannot locate resource depthshadowobject.cg in resource group Popular or any other group. in ResourceGroupManager::openResource at /home/daniel/ogre/OgreMain/src/OgreResourceGroupManager.cpp (line 756)
08:01:16: High-level program Ogre/shadow/receiver/depth/pssm3/fpCg encountered an error during loading and is thus not supported.
OGRE EXCEPTION(6:FileNotFoundException): Cannot locate resource depthshadowobject.cg in resource group Popular or any other group. in ResourceGroupManager::openResource at /home/daniel/ogre/OgreMain/src/OgreResourceGroupManager.cpp (line 756)
08:01:16: OGRE EXCEPTION(2:InvalidParametersException): Named constants have not been initialised, perhaps a compile error. in GpuProgramParameters::_findNamedConstantDefinition at /home/daniel/ogre/OgreMain/src/OgreGpuProgramParams.cpp (line 1709)
08:01:16: Compiler error: invalid parameters in shadows.material(60): setting of constant failed
08:01:16: OGRE EXCEPTION(2:InvalidParametersException): Named constants have not been initialised, perhaps a compile error. in GpuProgramParameters::_findNamedConstantDefinition at /home/daniel/ogre/OgreMain/src/OgreGpuProgramParams.cpp (line 1709)
08:01:16: Compiler error: invalid parameters in shadows.material(62): setting of constant failed
08:01:16: OGRE EXCEPTION(2:InvalidParametersException): Named constants have not been initialised, perhaps a compile error. in GpuProgramParameters::_findNamedConstantDefinition at /home/daniel/ogre/OgreMain/src/OgreGpuProgramParams.cpp (line 1709)
08:01:16: Compiler error: invalid parameters in shadows.material(63): setting of constant failed
08:01:16: OGRE EXCEPTION(2:InvalidParametersException): Named constants have not been initialised, perhaps a compile error. in GpuProgramParameters::_findNamedConstantDefinition at /home/daniel/ogre/OgreMain/src/OgreGpuProgramParams.cpp (line 1709)
08:01:16: Compiler error: invalid parameters in shadows.material(64): setting of constant failed
08:01:16: Parsing script Posterize.material
08:01:16: Parsing script Examples-DynTex.material
08:01:16: OGRE EXCEPTION(6:FileNotFoundException): Cannot locate resource Dyn-Text.cg in resource group Popular or any other group. in ResourceGroupManager::openResource at /home/daniel/ogre/OgreMain/src/OgreResourceGroupManager.cpp (line 756)
08:01:16: High-level program Ogre/Dyn_Text_VS_CG encountered an error during loading and is thus not supported.
OGRE EXCEPTION(6:FileNotFoundException): Cannot locate resource Dyn-Text.cg in resource group Popular or any other group. in ResourceGroupManager::openResource at /home/daniel/ogre/OgreMain/src/OgreResourceGroupManager.cpp (line 756)
08:01:16: OGRE EXCEPTION(2:InvalidParametersException): Named constants have not been initialised, perhaps a compile error. in GpuProgramParameters::_findNamedConstantDefinition at /home/daniel/ogre/OgreMain/src/OgreGpuProgramParams.cpp (line 1709)
08:01:16: Compiler error: invalid parameters in Examples-DynTex.material(9): setting of constant failed
08:01:16: OGRE EXCEPTION(6:FileNotFoundException): Cannot locate resource Dyn-Text.cg in resource group Popular or any other group. in ResourceGroupManager::openResource at /home/daniel/ogre/OgreMain/src/OgreResourceGroupManager.cpp (line 756)
08:01:16: High-level program Ogre/Dyn_Text_PS_CG encountered an error during loading and is thus not supported.
OGRE EXCEPTION(6:FileNotFoundException): Cannot locate resource Dyn-Text.cg in resource group Popular or any other group. in ResourceGroupManager::openResource at /home/daniel/ogre/OgreMain/src/OgreResourceGroupManager.cpp (line 756)
08:01:16: Parsing script HWInstancing.material
08:01:16: Parsing script Hurt.material
08:01:16: Parsing script DualQuaternion.material
08:01:16: Parsing script ssao.material
08:01:17: Parsing script ShadowCaster.material
08:01:17: Parsing script deferred_post.material
08:01:17: Parsing script deferreddemo.material
08:01:17: Parsing script deferred_post_minilight.material
08:01:17: Parsing script ROOM.material
08:01:17: Parsing script HardwareSkinningShadow.material
08:01:17: OGRE EXCEPTION(6:FileNotFoundException): Cannot locate resource HardwareSkinningShadow.cg in resource group Popular or any other group. in ResourceGroupManager::openResource at /home/daniel/ogre/OgreMain/src/OgreResourceGroupManager.cpp (line 756)
08:01:17: High-level program Ogre/RTShader/shadow_caster_ps_cg encountered an error during loading and is thus not supported.
OGRE EXCEPTION(6:FileNotFoundException): Cannot locate resource HardwareSkinningShadow.cg in resource group Popular or any other group. in ResourceGroupManager::openResource at /home/daniel/ogre/OgreMain/src/OgreResourceGroupManager.cpp (line 756)
08:01:17: OGRE EXCEPTION(6:FileNotFoundException): Cannot locate resource HardwareSkinningShadow.cg in resource group Popular or any other group. in ResourceGroupManager::openResource at /home/daniel/ogre/OgreMain/src/OgreResourceGroupManager.cpp (line 756)
08:01:17: High-level program Ogre/RTShader/shadow_caster_skinning_1weight_vs_cg encountered an error during loading and is thus not supported.
OGRE EXCEPTION(6:FileNotFoundException): Cannot locate resource HardwareSkinningShadow.cg in resource group Popular or any other group. in ResourceGroupManager::openResource at /home/daniel/ogre/OgreMain/src/OgreResourceGroupManager.cpp (line 756)
08:01:17: OGRE EXCEPTION(2:InvalidParametersException): Named constants have not been initialised, perhaps a compile error. in GpuProgramParameters::_findNamedConstantDefinition at /home/daniel/ogre/OgreMain/src/OgreGpuProgramParams.cpp (line 1709)
08:01:17: Compiler error: invalid parameters in HardwareSkinningShadow.material(29): setting of constant failed
08:01:17: OGRE EXCEPTION(2:InvalidParametersException): Named constants have not been initialised, perhaps a compile error. in GpuProgramParameters::_findNamedConstantDefinition at /home/daniel/ogre/OgreMain/src/OgreGpuProgramParams.cpp (line 1709)
08:01:17: Compiler error: invalid parameters in HardwareSkinningShadow.material(30): setting of constant failed
08:01:17: OGRE EXCEPTION(6:FileNotFoundException): Cannot locate resource HardwareSkinningShadow.cg in resource group Popular or any other group. in ResourceGroupManager::openResource at /home/daniel/ogre/OgreMain/src/OgreResourceGroupManager.cpp (line 756)
08:01:17: High-level program Ogre/RTShader/shadow_caster_skinning_2weight_vs_cg encountered an error during loading and is thus not supported.
OGRE EXCEPTION(6:FileNotFoundException): Cannot locate resource HardwareSkinningShadow.cg in resource group Popular or any other group. in ResourceGroupManager::openResource at /home/daniel/ogre/OgreMain/src/OgreResourceGroupManager.cpp (line 756)
08:01:17: OGRE EXCEPTION(2:InvalidParametersException): Named constants have not been initialised, perhaps a compile error. in GpuProgramParameters::_findNamedConstantDefinition at /home/daniel/ogre/OgreMain/src/OgreGpuProgramParams.cpp (line 1709)
08:01:17: Compiler error: invalid parameters in HardwareSkinningShadow.material(43): setting of constant failed
08:01:17: OGRE EXCEPTION(2:InvalidParametersException): Named constants have not been initialised, perhaps a compile error. in GpuProgramParameters::_findNamedConstantDefinition at /home/daniel/ogre/OgreMain/src/OgreGpuProgramParams.cpp (line 1709)
08:01:17: Compiler error: invalid parameters in HardwareSkinningShadow.material(44): setting of constant failed
08:01:17: OGRE EXCEPTION(6:FileNotFoundException): Cannot locate resource HardwareSkinningShadow.cg in resource group Popular or any other group. in ResourceGroupManager::openResource at /home/daniel/ogre/OgreMain/src/OgreResourceGroupManager.cpp (line 756)
08:01:17: High-level program Ogre/RTShader/shadow_caster_skinning_3weight_vs_cg encountered an error during loading and is thus not supported.
OGRE EXCEPTION(6:FileNotFoundException): Cannot locate resource HardwareSkinningShadow.cg in resource group Popular or any other group. in ResourceGroupManager::openResource at /home/daniel/ogre/OgreMain/src/OgreResourceGroupManager.cpp (line 756)
08:01:17: OGRE EXCEPTION(2:InvalidParametersException): Named constants have not been initialised, perhaps a compile error. in GpuProgramParameters::_findNamedConstantDefinition at /home/daniel/ogre/OgreMain/src/OgreGpuProgramParams.cpp (line 1709)
08:01:17: Compiler error: invalid parameters in HardwareSkinningShadow.material(57): setting of constant failed
08:01:17: OGRE EXCEPTION(2:InvalidParametersException): Named constants have not been initialised, perhaps a compile error. in GpuProgramParameters::_findNamedConstantDefinition at /home/daniel/ogre/OgreMain/src/OgreGpuProgramParams.cpp (line 1709)
08:01:17: Compiler error: invalid parameters in HardwareSkinningShadow.material(58): setting of constant failed
08:01:17: OGRE EXCEPTION(6:FileNotFoundException): Cannot locate resource HardwareSkinningShadow.cg in resource group Popular or any other group. in ResourceGroupManager::openResource at /home/daniel/ogre/OgreMain/src/OgreResourceGroupManager.cpp (line 756)
08:01:17: High-level program Ogre/RTShader/shadow_caster_skinning_4weight_vs_cg encountered an error during loading and is thus not supported.
OGRE EXCEPTION(6:FileNotFoundException): Cannot locate resource HardwareSkinningShadow.cg in resource group Popular or any other group. in ResourceGroupManager::openResource at /home/daniel/ogre/OgreMain/src/OgreResourceGroupManager.cpp (line 756)
08:01:17: OGRE EXCEPTION(2:InvalidParametersException): Named constants have not been initialised, perhaps a compile error. in GpuProgramParameters::_findNamedConstantDefinition at /home/daniel/ogre/OgreMain/src/OgreGpuProgramParams.cpp (line 1709)
08:01:17: Compiler error: invalid parameters in HardwareSkinningShadow.material(72): setting of constant failed
08:01:17: OGRE EXCEPTION(2:InvalidParametersException): Named constants have not been initialised, perhaps a compile error. in GpuProgramParameters::_findNamedConstantDefinition at /home/daniel/ogre/OgreMain/src/OgreGpuProgramParams.cpp (line 1709)
08:01:17: Compiler error: invalid parameters in HardwareSkinningShadow.material(73): setting of constant failed
08:01:17: OGRE EXCEPTION(6:FileNotFoundException): Cannot locate resource HardwareSkinningShadow.cg in resource group Popular or any other group. in ResourceGroupManager::openResource at /home/daniel/ogre/OgreMain/src/OgreResourceGroupManager.cpp (line 756)
08:01:17: High-level program Ogre/RTShader/shadow_receiver_vs encountered an error during loading and is thus not supported.
OGRE EXCEPTION(6:FileNotFoundException): Cannot locate resource HardwareSkinningShadow.cg in resource group Popular or any other group. in ResourceGroupManager::openResource at /home/daniel/ogre/OgreMain/src/OgreResourceGroupManager.cpp (line 756)
08:01:17: OGRE EXCEPTION(2:InvalidParametersException): Named constants have not been initialised, perhaps a compile error. in GpuProgramParameters::_findNamedConstantDefinition at /home/daniel/ogre/OgreMain/src/OgreGpuProgramParams.cpp (line 1709)
08:01:17: Compiler error: invalid parameters in HardwareSkinningShadow.material(302): setting of constant failed
08:01:17: OGRE EXCEPTION(6:FileNotFoundException): Cannot locate resource HardwareSkinningShadow.cg in resource group Popular or any other group. in ResourceGroupManager::openResource at /home/daniel/ogre/OgreMain/src/OgreResourceGroupManager.cpp (line 756)
08:01:17: High-level program Ogre/RTShader/shadow_receiver_ps encountered an error during loading and is thus not supported.
OGRE EXCEPTION(6:FileNotFoundException): Cannot locate resource HardwareSkinningShadow.cg in resource group Popular or any other group. in ResourceGroupManager::openResource at /home/daniel/ogre/OgreMain/src/OgreResourceGroupManager.cpp (line 756)
08:01:17: Parsing script RTShaderSystem.material
08:01:17: Compiler error: unknown error in RTShaderSystem.material(23): token "rtshader_system" is not recognized
08:01:17: Compiler error: unknown error in RTShaderSystem.material(52): token "rtshader_system" is not recognized
08:01:17: Compiler error: unknown error in RTShaderSystem.material(81): token "rtshader_system" is not recognized
08:01:17: Compiler error: unknown error in RTShaderSystem.material(110): token "rtshader_system" is not recognized
08:01:17: Compiler error: unknown error in RTShaderSystem.material(146): token "rtshader_system" is not recognized
08:01:17: Compiler error: unknown error in RTShaderSystem.material(81): token "rtshader_system" is not recognized
08:01:17: Compiler error: unknown error in RTShaderSystem.material(162): token "rtshader_system" is not recognized
08:01:17: Compiler error: unknown error in RTShaderSystem.material(81): token "rtshader_system" is not recognized
08:01:17: Compiler error: unknown error in RTShaderSystem.material(110): token "rtshader_system" is not recognized
08:01:17: Compiler error: unknown error in RTShaderSystem.material(211): token "rtshader_system" is not recognized
08:01:17: Parsing script DualQuaternionSkinning_Shadow.material
08:01:17: OGRE EXCEPTION(6:FileNotFoundException): Cannot locate resource DualQuaternionSkinning_Shadow.cg in resource group Popular or any other group. in ResourceGroupManager::openResource at /home/daniel/ogre/OgreMain/src/OgreResourceGroupManager.cpp (line 756)
08:01:17: High-level program Ogre/RTShader/shadow_caster_dq_ps_cg encountered an error during loading and is thus not supported.
OGRE EXCEPTION(6:FileNotFoundException): Cannot locate resource DualQuaternionSkinning_Shadow.cg in resource group Popular or any other group. in ResourceGroupManager::openResource at /home/daniel/ogre/OgreMain/src/OgreResourceGroupManager.cpp (line 756)
08:01:17: OGRE EXCEPTION(6:FileNotFoundException): Cannot locate resource DualQuaternionSkinning_Shadow.cg in resource group Popular or any other group. in ResourceGroupManager::openResource at /home/daniel/ogre/OgreMain/src/OgreResourceGroupManager.cpp (line 756)
08:01:17: High-level program Ogre/RTShader/shadow_caster_dq_skinning_1weight_vs_cg encountered an error during loading and is thus not supported.
OGRE EXCEPTION(6:FileNotFoundException): Cannot locate resource DualQuaternionSkinning_Shadow.cg in resource group Popular or any other group. in ResourceGroupManager::openResource at /home/daniel/ogre/OgreMain/src/OgreResourceGroupManager.cpp (line 756)
08:01:17: OGRE EXCEPTION(2:InvalidParametersException): Named constants have not been initialised, perhaps a compile error. in GpuProgramParameters::_findNamedConstantDefinition at /home/daniel/ogre/OgreMain/src/OgreGpuProgramParams.cpp (line 1709)
08:01:17: Compiler error: invalid parameters in DualQuaternionSkinning_Shadow.material(180): setting of constant failed
08:01:17: OGRE EXCEPTION(2:InvalidParametersException): Named constants have not been initialised, perhaps a compile error. in GpuProgramParameters::_findNamedConstantDefinition at /home/daniel/ogre/OgreMain/src/OgreGpuProgramParams.cpp (line 1709)
08:01:17: Compiler error: invalid parameters in DualQuaternionSkinning_Shadow.material(181): setting of constant failed
08:01:17: OGRE EXCEPTION(2:InvalidParametersException): Named constants have not been initialised, perhaps a compile error. in GpuProgramParameters::_findNamedConstantDefinition at /home/daniel/ogre/OgreMain/src/OgreGpuProgramParams.cpp (line 1709)
08:01:17: Compiler error: invalid parameters in DualQuaternionSkinning_Shadow.material(182): setting of constant failed
08:01:17: OGRE EXCEPTION(6:FileNotFoundException): Cannot locate resource DualQuaternionSkinning_Shadow.cg in resource group Popular or any other group. in ResourceGroupManager::openResource at /home/daniel/ogre/OgreMain/src/OgreResourceGroupManager.cpp (line 756)
08:01:17: High-level program Ogre/RTShader/shadow_caster_dq_skinning_2weight_vs_cg encountered an error during loading and is thus not supported.
OGRE EXCEPTION(6:FileNotFoundException): Cannot locate resource DualQuaternionSkinning_Shadow.cg in resource group Popular or any other group. in ResourceGroupManager::openResource at /home/daniel/ogre/OgreMain/src/OgreResourceGroupManager.cpp (line 756)
08:01:17: OGRE EXCEPTION(2:InvalidParametersException): Named constants have not been initialised, perhaps a compile error. in GpuProgramParameters::_findNamedConstantDefinition at /home/daniel/ogre/OgreMain/src/OgreGpuProgramParams.cpp (line 1709)
08:01:17: Compiler error: invalid parameters in DualQuaternionSkinning_Shadow.material(196): setting of constant failed
08:01:17: OGRE EXCEPTION(2:InvalidParametersException): Named constants have not been initialised, perhaps a compile error. in GpuProgramParameters::_findNamedConstantDefinition at /home/daniel/ogre/OgreMain/src/OgreGpuProgramParams.cpp (line 1709)
08:01:17: Compiler error: invalid parameters in DualQuaternionSkinning_Shadow.material(197): setting of constant failed
08:01:17: OGRE EXCEPTION(2:InvalidParametersException): Named constants have not been initialised, perhaps a compile error. in GpuProgramParameters::_findNamedConstantDefinition at /home/daniel/ogre/OgreMain/src/OgreGpuProgramParams.cpp (line 1709)
08:01:17: Compiler error: invalid parameters in DualQuaternionSkinning_Shadow.material(198): setting of constant failed
08:01:17: OGRE EXCEPTION(6:FileNotFoundException): Cannot locate resource DualQuaternionSkinning_Shadow.cg in resource group Popular or any other group. in ResourceGroupManager::openResource at /home/daniel/ogre/OgreMain/src/OgreResourceGroupManager.cpp (line 756)
08:01:17: High-level program Ogre/RTShader/shadow_caster_dq_skinning_3weight_vs_cg encountered an error during loading and is thus not supported.
OGRE EXCEPTION(6:FileNotFoundException): Cannot locate resource DualQuaternionSkinning_Shadow.cg in resource group Popular or any other group. in ResourceGroupManager::openResource at /home/daniel/ogre/OgreMain/src/OgreResourceGroupManager.cpp (line 756)
08:01:17: OGRE EXCEPTION(2:InvalidParametersException): Named constants have not been initialised, perhaps a compile error. in GpuProgramParameters::_findNamedConstantDefinition at /home/daniel/ogre/OgreMain/src/OgreGpuProgramParams.cpp (line 1709)
08:01:17: Compiler error: invalid parameters in DualQuaternionSkinning_Shadow.material(211): setting of constant failed
08:01:17: OGRE EXCEPTION(2:InvalidParametersException): Named constants have not been initialised, perhaps a compile error. in GpuProgramParameters::_findNamedConstantDefinition at /home/daniel/ogre/OgreMain/src/OgreGpuProgramParams.cpp (line 1709)
08:01:17: Compiler error: invalid parameters in DualQuaternionSkinning_Shadow.material(212): setting of constant failed
08:01:17: OGRE EXCEPTION(2:InvalidParametersException): Named constants have not been initialised, perhaps a compile error. in GpuProgramParameters::_findNamedConstantDefinition at /home/daniel/ogre/OgreMain/src/OgreGpuProgramParams.cpp (line 1709)
08:01:17: Compiler error: invalid parameters in DualQuaternionSkinning_Shadow.material(213): setting of constant failed
08:01:17: OGRE EXCEPTION(6:FileNotFoundException): Cannot locate resource DualQuaternionSkinning_Shadow.cg in resource group Popular or any other group. in ResourceGroupManager::openResource at /home/daniel/ogre/OgreMain/src/OgreResourceGroupManager.cpp (line 756)
08:01:17: High-level program Ogre/RTShader/shadow_caster_dq_skinning_4weight_vs_cg encountered an error during loading and is thus not supported.
OGRE EXCEPTION(6:FileNotFoundException): Cannot locate resource DualQuaternionSkinning_Shadow.cg in resource group Popular or any other group. in ResourceGroupManager::openResource at /home/daniel/ogre/OgreMain/src/OgreResourceGroupManager.cpp (line 756)
08:01:17: OGRE EXCEPTION(2:InvalidParametersException): Named constants have not been initialised, perhaps a compile error. in GpuProgramParameters::_findNamedConstantDefinition at /home/daniel/ogre/OgreMain/src/OgreGpuProgramParams.cpp (line 1709)
08:01:17: Compiler error: invalid parameters in DualQuaternionSkinning_Shadow.material(227): setting of constant failed
08:01:17: OGRE EXCEPTION(2:InvalidParametersException): Named constants have not been initialised, perhaps a compile error. in GpuProgramParameters::_findNamedConstantDefinition at /home/daniel/ogre/OgreMain/src/OgreGpuProgramParams.cpp (line 1709)
08:01:17: Compiler error: invalid parameters in DualQuaternionSkinning_Shadow.material(228): setting of constant failed
08:01:17: OGRE EXCEPTION(2:InvalidParametersException): Named constants have not been initialised, perhaps a compile error. in GpuProgramParameters::_findNamedConstantDefinition at /home/daniel/ogre/OgreMain/src/OgreGpuProgramParams.cpp (line 1709)
08:01:17: Compiler error: invalid parameters in DualQuaternionSkinning_Shadow.material(229): setting of constant failed
08:01:17: OGRE EXCEPTION(6:FileNotFoundException): Cannot locate resource DualQuaternionSkinning_Shadow.cg in resource group Popular or any other group. in ResourceGroupManager::openResource at /home/daniel/ogre/OgreMain/src/OgreResourceGroupManager.cpp (line 756)
08:01:17: High-level program Ogre/RTShader/shadow_caster_dq_skinning_1weight_twophase_vs_cg encountered an error during loading and is thus not supported.
OGRE EXCEPTION(6:FileNotFoundException): Cannot locate resource DualQuaternionSkinning_Shadow.cg in resource group Popular or any other group. in ResourceGroupManager::openResource at /home/daniel/ogre/OgreMain/src/OgreResourceGroupManager.cpp (line 756)
08:01:17: OGRE EXCEPTION(2:InvalidParametersException): Named constants have not been initialised, perhaps a compile error. in GpuProgramParameters::_findNamedConstantDefinition at /home/daniel/ogre/OgreMain/src/OgreGpuProgramParams.cpp (line 1709)
08:01:17: Compiler error: invalid parameters in DualQuaternionSkinning_Shadow.material(242): setting of constant failed
08:01:17: OGRE EXCEPTION(2:InvalidParametersException): Named constants have not been initialised, perhaps a compile error. in GpuProgramParameters::_findNamedConstantDefinition at /home/daniel/ogre/OgreMain/src/OgreGpuProgramParams.cpp (line 1709)
08:01:17: Compiler error: invalid parameters in DualQuaternionSkinning_Shadow.material(243): setting of constant failed
08:01:17: OGRE EXCEPTION(2:InvalidParametersException): Named constants have not been initialised, perhaps a compile error. in GpuProgramParameters::_findNamedConstantDefinition at /home/daniel/ogre/OgreMain/src/OgreGpuProgramParams.cpp (line 1709)
08:01:17: Compiler error: invalid parameters in DualQuaternionSkinning_Shadow.material(244): setting of constant failed
08:01:17: OGRE EXCEPTION(2:InvalidParametersException): Named constants have not been initialised, perhaps a compile error. in GpuProgramParameters::_findNamedConstantDefinition at /home/daniel/ogre/OgreMain/src/OgreGpuProgramParams.cpp (line 1709)
08:01:17: Compiler error: invalid parameters in DualQuaternionSkinning_Shadow.material(245): setting of constant failed
08:01:17: OGRE EXCEPTION(6:FileNotFoundException): Cannot locate resource DualQuaternionSkinning_Shadow.cg in resource group Popular or any other group. in ResourceGroupManager::openResource at /home/daniel/ogre/OgreMain/src/OgreResourceGroupManager.cpp (line 756)
08:01:17: High-level program Ogre/RTShader/shadow_caster_dq_skinning_2weight_twophase_vs_cg encountered an error during loading and is thus not supported.
OGRE EXCEPTION(6:FileNotFoundException): Cannot locate resource DualQuaternionSkinning_Shadow.cg in resource group Popular or any other group. in ResourceGroupManager::openResource at /home/daniel/ogre/OgreMain/src/OgreResourceGroupManager.cpp (line 756)
08:01:17: OGRE EXCEPTION(2:InvalidParametersException): Named constants have not been initialised, perhaps a compile error. in GpuProgramParameters::_findNamedConstantDefinition at /home/daniel/ogre/OgreMain/src/OgreGpuProgramParams.cpp (line 1709)
08:01:17: Compiler error: invalid parameters in DualQuaternionSkinning_Shadow.material(259): setting of constant failed
08:01:17: OGRE EXCEPTION(2:InvalidParametersException): Named constants have not been initialised, perhaps a compile error. in GpuProgramParameters::_findNamedConstantDefinition at /home/daniel/ogre/OgreMain/src/OgreGpuProgramParams.cpp (line 1709)
08:01:17: Compiler error: invalid parameters in DualQuaternionSkinning_Shadow.material(260): setting of constant failed
08:01:17: OGRE EXCEPTION(2:InvalidParametersException): Named constants have not been initialised, perhaps a compile error. in GpuProgramParameters::_findNamedConstantDefinition at /home/daniel/ogre/OgreMain/src/OgreGpuProgramParams.cpp (line 1709)
08:01:17: Compiler error: invalid parameters in DualQuaternionSkinning_Shadow.material(261): setting of constant failed
08:01:17: OGRE EXCEPTION(2:InvalidParametersException): Named constants have not been initialised, perhaps a compile error. in GpuProgramParameters::_findNamedConstantDefinition at /home/daniel/ogre/OgreMain/src/OgreGpuProgramParams.cpp (line 1709)
08:01:17: Compiler error: invalid parameters in DualQuaternionSkinning_Shadow.material(262): setting of constant failed
08:01:17: Parsing script TriplanarTexturing.material
08:01:17: Compiler error: unknown error in TriplanarTexturing.material(9): token "rtshader_system" is not recognized
08:01:17: Parsing script RomanBath.material
08:01:17: Parsing script Sinbad.material
08:01:17: Parsing script smoke.particle
08:01:17: Parsing script Examples-Water.particle
08:01:17: Parsing script emitted_emitter.particle
08:01:17: Parsing script Examples.particle
08:01:17: Parsing script Examples.compositor
08:01:17: Parsing script ssao.compositor
08:01:17: Parsing script deferred.compositor
08:01:17: Finished parsing scripts for resource group Popular
08:01:17: Creating resources for group Popular
08:01:17: All done
08:01:17: Texture: clouds.jpg: Loading 1 faces(PF_R8G8B8,256x256x1) with 5 hardware generated mipmaps from Image. Internal format is PF_X8R8G8B8,256x256x1.
08:01:17: Texture: NoiseVolume.dds: Loading 1 faces(PF_L8,128x128x128) with 5 hardware generated mipmaps from Image. Internal format is PF_L8,128x128x128.
08:01:17: Texture: morning.jpg: Loading 6 faces(PF_R8G8B8,512x512x1) with 5 hardware generated mipmaps from multiple Images. Internal format is PF_X8R8G8B8,512x512x1.
08:01:17: GLSL compiled: 
08:01:17: GLSL compiled: 
08:01:17: Vertex Program:GLSL/OceanVS Fragment Program:GLSL/OceanFS GLSL link result : active samplers with a different type refer to the same texture image unit
08:01:17: Texture: ecslentUI3.png: Loading 1 faces(PF_A8R8G8B8,1024x768x1) with 5 hardware generated mipmaps from Image. Internal format is PF_A8R8G8B8,1024x768x1.
08:01:17: Texture: metal0.jpg: Loading 1 faces(PF_R8G8B8,259x195x1) with 5 hardware generated mipmaps from Image. Internal format is PF_X8R8G8B8,259x195x1.
08:01:17: Texture: rmenu.png: Loading 1 faces(PF_A8R8G8B8,128x128x1) with 5 hardware generated mipmaps from Image. Internal format is PF_A8R8G8B8,128x128x1.
08:01:17: Texture: Attack.png: Loading 1 faces(PF_A8R8G8B8,300x200x1) with 5 hardware generated mipmaps from Image. Internal format is PF_A8R8G8B8,300x200x1.
08:01:17: Texture: Factory.jpg: Loading 1 faces(PF_R8G8B8,300x200x1) with 5 hardware generated mipmaps from Image. Internal format is PF_X8R8G8B8,300x200x1.
08:01:17: Texture: Refinery.jpg: Loading 1 faces(PF_R8G8B8,300x200x1) with 5 hardware generated mipmaps from Image. Internal format is PF_X8R8G8B8,300x200x1.
08:01:17: Texture: Barracks.jpg: Loading 1 faces(PF_R8G8B8,300x200x1) with 5 hardware generated mipmaps from Image. Internal format is PF_X8R8G8B8,300x200x1.
08:01:17: Texture: Move.png: Loading 1 faces(PF_A8R8G8B8,300x200x1) with 5 hardware generated mipmaps from Image. Internal format is PF_A8R8G8B8,300x200x1.
08:01:17: Texture: Gather.png: Loading 1 faces(PF_A8R8G8B8,300x200x1) with 5 hardware generated mipmaps from Image. Internal format is PF_A8R8G8B8,300x200x1.
08:01:17: Texture: SCV.png: Loading 1 faces(PF_A8R8G8B8,300x200x1) with 5 hardware generated mipmaps from Image. Internal format is PF_A8R8G8B8,300x200x1.
08:01:17: Texture: MARINE.png: Loading 1 faces(PF_A8R8G8B8,300x200x1) with 5 hardware generated mipmaps from Image. Internal format is PF_A8R8G8B8,300x200x1.
08:01:17: Texture: VULTURE.png: Loading 1 faces(PF_A8R8G8B8,300x200x1) with 5 hardware generated mipmaps from Image. Internal format is PF_A8R8G8B8,300x200x1.
08:01:17: Texture: Action1.png: Loading 1 faces(PF_A8R8G8B8,200x200x1) with 5 hardware generated mipmaps from Image. Internal format is PF_A8R8G8B8,200x200x1.
08:01:17: Texture: Action2.png: Loading 1 faces(PF_A8R8G8B8,200x200x1) with 5 hardware generated mipmaps from Image. Internal format is PF_A8R8G8B8,200x200x1.
08:01:17: Texture: Action3.png: Loading 1 faces(PF_A8R8G8B8,200x200x1) with 5 hardware generated mipmaps from Image. Internal format is PF_A8R8G8B8,200x200x1.
08:01:17: Texture: Action4.png: Loading 1 faces(PF_A8R8G8B8,200x200x1) with 5 hardware generated mipmaps from Image. Internal format is PF_A8R8G8B8,200x200x1.
08:01:17: Texture: Action5.png: Loading 1 faces(PF_A8R8G8B8,200x200x1) with 5 hardware generated mipmaps from Image. Internal format is PF_A8R8G8B8,200x200x1.
08:01:17: Texture: rmenuLine.png: Loading 1 faces(PF_R8G8B8,128x128x1) with 5 hardware generated mipmaps from Image. Internal format is PF_X8R8G8B8,128x128x1.
08:01:17: Font SdkTrays/Value using texture size 512x256
08:01:17: Info: Freetype returned null for character 127 in font SdkTrays/Value
08:01:17: Info: Freetype returned null for character 128 in font SdkTrays/Value
08:01:17: Info: Freetype returned null for character 129 in font SdkTrays/Value
08:01:17: Info: Freetype returned null for character 130 in font SdkTrays/Value
08:01:17: Info: Freetype returned null for character 131 in font SdkTrays/Value
08:01:17: Info: Freetype returned null for character 132 in font SdkTrays/Value
08:01:17: Info: Freetype returned null for character 133 in font SdkTrays/Value
08:01:17: Info: Freetype returned null for character 134 in font SdkTrays/Value
08:01:17: Info: Freetype returned null for character 135 in font SdkTrays/Value
08:01:17: Info: Freetype returned null for character 136 in font SdkTrays/Value
08:01:17: Info: Freetype returned null for character 137 in font SdkTrays/Value
08:01:17: Info: Freetype returned null for character 138 in font SdkTrays/Value
08:01:17: Info: Freetype returned null for character 139 in font SdkTrays/Value
08:01:17: Info: Freetype returned null for character 140 in font SdkTrays/Value
08:01:17: Info: Freetype returned null for character 141 in font SdkTrays/Value
08:01:17: Info: Freetype returned null for character 142 in font SdkTrays/Value
08:01:17: Info: Freetype returned null for character 143 in font SdkTrays/Value
08:01:17: Info: Freetype returned null for character 144 in font SdkTrays/Value
08:01:17: Info: Freetype returned null for character 145 in font SdkTrays/Value
08:01:17: Info: Freetype returned null for character 146 in font SdkTrays/Value
08:01:17: Info: Freetype returned null for character 147 in font SdkTrays/Value
08:01:17: Info: Freetype returned null for character 148 in font SdkTrays/Value
08:01:17: Info: Freetype returned null for character 149 in font SdkTrays/Value
08:01:17: Info: Freetype returned null for character 150 in font SdkTrays/Value
08:01:17: Info: Freetype returned null for character 151 in font SdkTrays/Value
08:01:17: Info: Freetype returned null for character 152 in font SdkTrays/Value
08:01:17: Info: Freetype returned null for character 153 in font SdkTrays/Value
08:01:17: Info: Freetype returned null for character 154 in font SdkTrays/Value
08:01:17: Info: Freetype returned null for character 155 in font SdkTrays/Value
08:01:17: Info: Freetype returned null for character 156 in font SdkTrays/Value
08:01:17: Info: Freetype returned null for character 157 in font SdkTrays/Value
08:01:17: Info: Freetype returned null for character 158 in font SdkTrays/Value
08:01:17: Info: Freetype returned null for character 159 in font SdkTrays/Value
08:01:17: Info: Freetype returned null for character 160 in font SdkTrays/Value
08:01:17: Texture: SdkTrays/ValueTexture: Loading 1 faces(PF_BYTE_LA,512x256x1) Internal format is PF_BYTE_LA,512x256x1.
08:01:17: Mesh: Loading drone.mesh.
08:01:17: WARNING: drone.mesh is an older format ([MeshSerializer_v1.30]); you should upgrade it as soon as possible using the OgreMeshUpgrade tool.
08:01:17: Texture: ecsl.bmp: Loading 1 faces(PF_R8G8B8,128x128x1) with 5 hardware generated mipmaps from Image. Internal format is PF_X8R8G8B8,128x128x1.
08:01:17: Mesh: Loading cube.mesh.
08:01:17: WARNING: cube.mesh is an older format ([MeshSerializer_v1.41]); you should upgrade it as soon as possible using the OgreMeshUpgrade tool.
08:01:17: Mesh: Loading banshee.mesh.
08:01:17: Texture: ecslDark.bmp: Loading 1 faces(PF_R8G8B8,128x128x1) with 5 hardware generated mipmaps from Image. Internal format is PF_X8R8G8B8,128x128x1.
08:01:20: Texture: explosion.png: Loading 1 faces(PF_A8R8G8B8,79x79x1) with 5 hardware generated mipmaps from Image. Internal format is PF_A8R8G8B8,79x79x1.
